<?xml version="1.0" encoding="UTF-8"?>
<coverage generated="1612518910432" clover="3.2.0">
  <project timestamp="1612518910432" name="All files">
    <metrics statements="417" coveredstatements="369" conditionals="187" coveredconditionals="133" methods="98" coveredmethods="83" elements="702" coveredelements="585" complexity="0" loc="417" ncloc="417" packages="5" files="10" classes="10"/>
    <package name="core.__tests__">
      <metrics statements="42" coveredstatements="38" conditionals="6" coveredconditionals="6" methods="19" coveredmethods="15"/>
      <file name="test-bootloaders.ts" path="E:\NodeLearnSpace\monorepo-learn\packages\core\__tests__\test-bootloaders.ts">
        <metrics statements="42" coveredstatements="38" conditionals="6" coveredconditionals="6" methods="19" coveredmethods="15"/>
        <line num="1" count="1" type="stmt"/>
        <line num="2" count="1" type="stmt"/>
        <line num="3" count="6" type="stmt"/>
        <line num="4" count="6" type="stmt"/>
        <line num="5" count="6" type="cond" truecount="2" falsecount="0"/>
        <line num="9" count="1" type="stmt"/>
        <line num="10" count="1" type="stmt"/>
        <line num="11" count="1" type="stmt"/>
        <line num="12" count="1" type="stmt"/>
        <line num="13" count="1" type="cond" truecount="2" falsecount="0"/>
        <line num="15" count="1" type="stmt"/>
        <line num="16" count="1" type="stmt"/>
        <line num="17" count="1" type="stmt"/>
        <line num="18" count="1" type="stmt"/>
        <line num="19" count="1" type="stmt"/>
        <line num="20" count="1" type="stmt"/>
        <line num="21" count="1" type="cond" truecount="2" falsecount="0"/>
        <line num="25" count="1" type="stmt"/>
        <line num="32" count="1" type="stmt"/>
        <line num="36" count="1" type="stmt"/>
        <line num="37" count="4" type="stmt"/>
        <line num="38" count="4" type="stmt"/>
        <line num="40" count="1" type="stmt"/>
        <line num="42" count="1" type="stmt"/>
        <line num="43" count="0" type="stmt"/>
        <line num="45" count="1" type="stmt"/>
        <line num="46" count="0" type="stmt"/>
        <line num="49" count="1" type="stmt"/>
        <line num="50" count="1" type="stmt"/>
        <line num="53" count="8" type="stmt"/>
        <line num="56" count="1" type="stmt"/>
        <line num="57" count="5" type="stmt"/>
        <line num="58" count="5" type="stmt"/>
        <line num="60" count="1" type="stmt"/>
        <line num="61" count="5" type="stmt"/>
        <line num="63" count="1" type="stmt"/>
        <line num="64" count="1" type="stmt"/>
        <line num="66" count="1" type="stmt"/>
        <line num="67" count="0" type="stmt"/>
        <line num="69" count="1" type="stmt"/>
        <line num="70" count="0" type="stmt"/>
        <line num="73" count="1" type="stmt"/>
      </file>
    </package>
    <package name="core.src">
      <metrics statements="80" coveredstatements="70" conditionals="39" coveredconditionals="30" methods="13" coveredmethods="12"/>
      <file name="egf-app.ts" path="E:\NodeLearnSpace\monorepo-learn\packages\core\src\egf-app.ts">
        <metrics statements="80" coveredstatements="70" conditionals="39" coveredconditionals="30" methods="13" coveredmethods="12"/>
        <line num="1" count="1" type="stmt"/>
        <line num="2" count="1" type="stmt"/>
        <line num="3" count="1" type="stmt"/>
        <line num="4" count="1" type="stmt"/>
        <line num="5" count="1" type="stmt"/>
        <line num="6" count="1" type="stmt"/>
        <line num="7" count="7" type="stmt"/>
        <line num="8" count="7" type="stmt"/>
        <line num="9" count="1" type="stmt"/>
        <line num="10" count="7" type="stmt"/>
        <line num="12" count="1" type="stmt"/>
        <line num="13" count="3" type="stmt"/>
        <line num="15" count="1" type="stmt"/>
        <line num="16" count="7" type="stmt"/>
        <line num="17" count="7" type="cond" truecount="3" falsecount="1"/>
        <line num="18" count="0" type="stmt"/>
        <line num="19" count="0" type="stmt"/>
        <line num="21" count="7" type="cond" truecount="3" falsecount="1"/>
        <line num="22" count="7" type="stmt"/>
        <line num="23" count="8" type="stmt"/>
        <line num="24" count="8" type="stmt"/>
        <line num="25" count="8" type="stmt"/>
        <line num="26" count="8" type="stmt"/>
        <line num="27" count="8" type="cond" truecount="2" falsecount="0"/>
        <line num="28" count="7" type="stmt"/>
        <line num="30" count="1" type="stmt"/>
        <line num="36" count="14" type="stmt"/>
        <line num="37" count="6" type="stmt"/>
        <line num="38" count="6" type="stmt"/>
        <line num="41" count="1" type="stmt"/>
        <line num="42" count="1" type="stmt"/>
        <line num="43" count="1" type="stmt"/>
        <line num="48" count="1" type="stmt"/>
        <line num="49" count="4" type="stmt"/>
        <line num="51" count="4" type="cond" truecount="1" falsecount="1"/>
        <line num="52" count="4" type="stmt"/>
        <line num="53" count="8" type="stmt"/>
        <line num="54" count="8" type="cond" truecount="2" falsecount="0"/>
        <line num="56" count="4" type="stmt"/>
        <line num="57" count="8" type="stmt"/>
        <line num="58" count="8" type="cond" truecount="2" falsecount="0"/>
        <line num="60" count="4" type="stmt"/>
        <line num="62" count="1" type="stmt"/>
        <line num="63" count="17" type="cond" truecount="1" falsecount="1"/>
        <line num="64" count="17" type="stmt"/>
        <line num="65" count="17" type="cond" truecount="1" falsecount="1"/>
        <line num="66" count="0" type="stmt"/>
        <line num="68" count="17" type="cond" truecount="3" falsecount="1"/>
        <line num="69" count="17" type="cond" truecount="1" falsecount="1"/>
        <line num="70" count="17" type="cond" truecount="2" falsecount="0"/>
        <line num="71" count="16" type="stmt"/>
        <line num="72" count="16" type="stmt"/>
        <line num="73" count="16" type="cond" truecount="2" falsecount="0"/>
        <line num="74" count="1" type="cond" truecount="2" falsecount="0"/>
        <line num="75" count="1" type="cond" truecount="2" falsecount="0"/>
        <line num="78" count="1" type="stmt"/>
        <line num="81" count="0" type="stmt"/>
        <line num="84" count="0" type="stmt"/>
        <line num="86" count="17" type="stmt"/>
        <line num="88" count="1" type="stmt"/>
        <line num="89" count="0" type="stmt"/>
        <line num="91" count="1" type="stmt"/>
        <line num="92" count="1" type="stmt"/>
        <line num="94" count="1" type="stmt"/>
        <line num="95" count="1" type="stmt"/>
        <line num="96" count="2" type="stmt"/>
        <line num="97" count="2" type="cond" truecount="2" falsecount="0"/>
        <line num="100" count="1" type="stmt"/>
        <line num="101" count="17" type="stmt"/>
        <line num="104" count="1" type="stmt"/>
        <line num="105" count="19" type="stmt"/>
        <line num="112" count="1" type="stmt"/>
        <line num="113" count="1" type="stmt"/>
        <line num="115" count="0" type="stmt"/>
        <line num="116" count="0" type="stmt"/>
        <line num="118" count="0" type="stmt"/>
        <line num="119" count="0" type="stmt"/>
        <line num="121" count="1" type="stmt"/>
        <line num="122" count="1" type="stmt"/>
        <line num="126" count="1" type="stmt"/>
      </file>
    </package>
    <package name="layer.__tests__">
      <metrics statements="38" coveredstatements="38" conditionals="8" coveredconditionals="6" methods="18" coveredmethods="14"/>
      <file name="test-custom-layer-lmp.ts" path="E:\NodeLearnSpace\monorepo-learn\packages\layer\__tests__\test-custom-layer-lmp.ts">
        <metrics statements="12" coveredstatements="12" conditionals="2" coveredconditionals="1" methods="7" coveredmethods="3"/>
        <line num="3" count="1" type="stmt"/>
        <line num="7" count="1" type="stmt"/>
        <line num="8" count="2" type="cond" truecount="1" falsecount="1"/>
        <line num="9" count="2" type="stmt"/>
        <line num="10" count="2" type="stmt"/>
        <line num="13" count="1" type="stmt"/>
        <line num="14" count="2" type="stmt"/>
        <line num="16" count="1" type="stmt"/>
        <line num="18" count="1" type="stmt"/>
        <line num="20" count="1" type="stmt"/>
        <line num="23" count="1" type="stmt"/>
        <line num="28" count="1" type="stmt"/>
      </file>
      <file name="test-layer-lmp.ts" path="E:\NodeLearnSpace\monorepo-learn\packages\layer\__tests__\test-layer-lmp.ts">
        <metrics statements="12" coveredstatements="12" conditionals="2" coveredconditionals="1" methods="7" coveredmethods="7"/>
        <line num="3" count="1" type="stmt"/>
        <line num="7" count="1" type="stmt"/>
        <line num="8" count="21" type="cond" truecount="1" falsecount="1"/>
        <line num="9" count="21" type="stmt"/>
        <line num="10" count="21" type="stmt"/>
        <line num="13" count="1" type="stmt"/>
        <line num="14" count="21" type="stmt"/>
        <line num="16" count="1" type="stmt"/>
        <line num="18" count="1" type="stmt"/>
        <line num="20" count="1" type="stmt"/>
        <line num="23" count="1" type="stmt"/>
        <line num="28" count="1" type="stmt"/>
      </file>
      <file name="test-layer-type.ts" path="E:\NodeLearnSpace\monorepo-learn\packages\layer\__tests__\test-layer-type.ts">
        <metrics statements="9" coveredstatements="9" conditionals="4" coveredconditionals="4" methods="2" coveredmethods="2"/>
        <line num="1" count="1" type="cond" truecount="2" falsecount="0"/>
        <line num="2" count="1" type="stmt"/>
        <line num="3" count="1" type="stmt"/>
        <line num="4" count="1" type="stmt"/>
        <line num="6" count="1" type="cond" truecount="2" falsecount="0"/>
        <line num="7" count="1" type="stmt"/>
        <line num="8" count="1" type="stmt"/>
        <line num="9" count="1" type="stmt"/>
        <line num="10" count="1" type="stmt"/>
      </file>
      <file name="test-render-node.ts" path="E:\NodeLearnSpace\monorepo-learn\packages\layer\__tests__\test-render-node.ts">
        <metrics statements="5" coveredstatements="5" conditionals="0" coveredconditionals="0" methods="2" coveredmethods="2"/>
        <line num="1" count="1" type="stmt"/>
        <line num="2" count="8" type="stmt"/>
        <line num="3" count="1" type="stmt"/>
        <line num="5" count="23" type="stmt"/>
        <line num="7" count="1" type="stmt"/>
      </file>
    </package>
    <package name="layer.src">
      <metrics statements="66" coveredstatements="63" conditionals="32" coveredconditionals="25" methods="13" coveredmethods="12"/>
      <file name="layer-mgr.ts" path="E:\NodeLearnSpace\monorepo-learn\packages\layer\src\layer-mgr.ts">
        <metrics statements="66" coveredstatements="63" conditionals="32" coveredconditionals="25" methods="13" coveredmethods="12"/>
        <line num="3" count="1" type="stmt"/>
        <line num="9" count="1" type="stmt"/>
        <line num="10" count="1" type="stmt"/>
        <line num="11" count="7" type="cond" truecount="2" falsecount="0"/>
        <line num="12" count="7" type="stmt"/>
        <line num="13" count="7" type="stmt"/>
        <line num="14" count="7" type="stmt"/>
        <line num="15" count="7" type="stmt"/>
        <line num="21" count="7" type="stmt"/>
        <line num="22" count="23" type="stmt"/>
        <line num="23" count="23" type="stmt"/>
        <line num="24" count="23" type="stmt"/>
        <line num="25" count="23" type="cond" truecount="2" falsecount="0"/>
        <line num="26" count="21" type="stmt"/>
        <line num="28" count="23" type="cond" truecount="4" falsecount="0"/>
        <line num="29" count="2" type="stmt"/>
        <line num="31" count="21" type="stmt"/>
        <line num="33" count="23" type="stmt"/>
        <line num="34" count="23" type="stmt"/>
        <line num="35" count="23" type="stmt"/>
        <line num="38" count="1" type="stmt"/>
        <line num="39" count="1" type="cond" truecount="1" falsecount="1"/>
        <line num="40" count="1" type="stmt"/>
        <line num="41" count="1" type="cond" truecount="1" falsecount="1"/>
        <line num="42" count="1" type="stmt"/>
        <line num="43" count="4" type="stmt"/>
        <line num="47" count="1" type="stmt"/>
        <line num="48" count="3" type="stmt"/>
        <line num="51" count="1" type="stmt"/>
        <line num="52" count="3" type="stmt"/>
        <line num="54" count="1" type="stmt"/>
        <line num="55" count="23" type="cond" truecount="2" falsecount="0"/>
        <line num="56" count="7" type="stmt"/>
        <line num="58" count="23" type="stmt"/>
        <line num="59" count="23" type="cond" truecount="1" falsecount="1"/>
        <line num="60" count="0" type="stmt"/>
        <line num="61" count="0" type="stmt"/>
        <line num="63" count="23" type="stmt"/>
        <line num="64" count="23" type="cond" truecount="2" falsecount="0"/>
        <line num="65" count="19" type="stmt"/>
        <line num="67" count="23" type="stmt"/>
        <line num="69" count="1" type="stmt"/>
        <line num="70" count="1" type="cond" truecount="3" falsecount="1"/>
        <line num="71" count="0" type="stmt"/>
        <line num="73" count="1" type="stmt"/>
        <line num="74" count="1" type="cond" truecount="2" falsecount="0"/>
        <line num="75" count="1" type="stmt"/>
        <line num="76" count="1" type="stmt"/>
        <line num="78" count="1" type="stmt"/>
        <line num="79" count="1" type="stmt"/>
        <line num="80" count="1" type="cond" truecount="1" falsecount="1"/>
        <line num="81" count="1" type="stmt"/>
        <line num="84" count="1" type="stmt"/>
        <line num="85" count="1" type="stmt"/>
        <line num="86" count="1" type="cond" truecount="1" falsecount="1"/>
        <line num="87" count="1" type="stmt"/>
        <line num="90" count="1" type="stmt"/>
        <line num="91" count="1" type="stmt"/>
        <line num="92" count="1" type="cond" truecount="1" falsecount="1"/>
        <line num="93" count="1" type="stmt"/>
        <line num="97" count="1" type="stmt"/>
        <line num="98" count="19" type="stmt"/>
        <line num="99" count="19" type="cond" truecount="2" falsecount="0"/>
        <line num="100" count="1" type="stmt"/>
        <line num="102" count="19" type="stmt"/>
        <line num="104" count="1" type="stmt"/>
      </file>
    </package>
    <package name="obj-pool.src">
      <metrics statements="191" coveredstatements="160" conditionals="102" coveredconditionals="66" methods="35" coveredmethods="30"/>
      <file name="index.ts" path="E:\NodeLearnSpace\monorepo-learn\packages\obj-pool\src\index.ts">
        <metrics statements="3" coveredstatements="3" conditionals="0" coveredconditionals="0" methods="0" coveredmethods="0"/>
        <line num="1" count="2" type="stmt"/>
        <line num="2" count="2" type="stmt"/>
        <line num="3" count="2" type="stmt"/>
      </file>
      <file name="obj-pool-mgr.ts" path="E:\NodeLearnSpace\monorepo-learn\packages\obj-pool\src\obj-pool-mgr.ts">
        <metrics statements="77" coveredstatements="61" conditionals="38" coveredconditionals="18" methods="16" coveredmethods="15"/>
        <line num="1" count="2" type="stmt"/>
        <line num="2" count="2" type="stmt"/>
        <line num="7" count="2" type="stmt"/>
        <line num="9" count="3" type="stmt"/>
        <line num="10" count="2" type="stmt"/>
        <line num="11" count="1" type="stmt"/>
        <line num="12" count="1" type="cond" truecount="1" falsecount="1"/>
        <line num="13" count="1" type="stmt"/>
        <line num="16" count="2" type="stmt"/>
        <line num="17" count="2" type="cond" truecount="1" falsecount="1"/>
        <line num="18" count="0" type="stmt"/>
        <line num="19" count="0" type="stmt"/>
        <line num="21" count="2" type="cond" truecount="3" falsecount="1"/>
        <line num="22" count="2" type="stmt"/>
        <line num="23" count="2" type="stmt"/>
        <line num="24" count="2" type="stmt"/>
        <line num="26" count="0" type="stmt"/>
        <line num="29" count="2" type="stmt"/>
        <line num="30" count="3" type="cond" truecount="1" falsecount="1"/>
        <line num="31" count="0" type="stmt"/>
        <line num="32" count="0" type="stmt"/>
        <line num="34" count="3" type="cond" truecount="3" falsecount="1"/>
        <line num="35" count="3" type="stmt"/>
        <line num="36" count="3" type="stmt"/>
        <line num="37" count="3" type="stmt"/>
        <line num="39" count="0" type="stmt"/>
        <line num="42" count="2" type="stmt"/>
        <line num="43" count="5" type="stmt"/>
        <line num="45" count="2" type="stmt"/>
        <line num="46" count="8" type="stmt"/>
        <line num="48" count="2" type="stmt"/>
        <line num="49" count="1" type="stmt"/>
        <line num="50" count="1" type="cond" truecount="1" falsecount="1"/>
        <line num="51" count="1" type="stmt"/>
        <line num="54" count="2" type="stmt"/>
        <line num="55" count="1" type="stmt"/>
        <line num="56" count="1" type="stmt"/>
        <line num="57" count="1" type="cond" truecount="1" falsecount="1"/>
        <line num="58" count="1" type="stmt"/>
        <line num="59" count="1" type="stmt"/>
        <line num="61" count="0" type="stmt"/>
        <line num="64" count="2" type="stmt"/>
        <line num="65" count="1" type="stmt"/>
        <line num="66" count="1" type="cond" truecount="1" falsecount="1"/>
        <line num="67" count="1" type="stmt"/>
        <line num="69" count="0" type="stmt"/>
        <line num="72" count="2" type="stmt"/>
        <line num="76" count="3" type="stmt"/>
        <line num="77" count="3" type="cond" truecount="1" falsecount="1"/>
        <line num="79" count="2" type="stmt"/>
        <line num="83" count="1" type="stmt"/>
        <line num="84" count="1" type="cond" truecount="1" falsecount="1"/>
        <line num="86" count="2" type="stmt"/>
        <line num="87" count="4" type="stmt"/>
        <line num="89" count="4" type="cond" truecount="1" falsecount="1"/>
        <line num="92" count="2" type="stmt"/>
        <line num="93" count="1" type="stmt"/>
        <line num="94" count="1" type="cond" truecount="1" falsecount="1"/>
        <line num="96" count="1" type="stmt"/>
        <line num="99" count="2" type="stmt"/>
        <line num="100" count="1" type="stmt"/>
        <line num="101" count="1" type="cond" truecount="1" falsecount="1"/>
        <line num="102" count="1" type="stmt"/>
        <line num="105" count="2" type="stmt"/>
        <line num="106" count="1" type="stmt"/>
        <line num="107" count="1" type="cond" truecount="1" falsecount="1"/>
        <line num="109" count="1" type="stmt"/>
        <line num="115" count="2" type="cond" truecount="0" falsecount="2"/>
        <line num="116" count="0" type="stmt"/>
        <line num="117" count="0" type="stmt"/>
        <line num="119" count="0" type="stmt"/>
        <line num="120" count="0" type="stmt"/>
        <line num="122" count="0" type="stmt"/>
        <line num="124" count="0" type="stmt"/>
        <line num="126" count="0" type="stmt"/>
        <line num="127" count="0" type="stmt"/>
        <line num="131" count="2" type="stmt"/>
      </file>
      <file name="obj-pool.ts" path="E:\NodeLearnSpace\monorepo-learn\packages\obj-pool\src\obj-pool.ts">
        <metrics statements="111" coveredstatements="96" conditionals="64" coveredconditionals="48" methods="19" coveredmethods="15"/>
        <line num="1" count="2" type="stmt"/>
        <line num="5" count="2" type="stmt"/>
        <line num="6" count="34" type="stmt"/>
        <line num="9" count="2" type="stmt"/>
        <line num="10" count="0" type="stmt"/>
        <line num="14" count="2" type="stmt"/>
        <line num="15" count="0" type="stmt"/>
        <line num="16" count="0" type="cond" truecount="0" falsecount="2"/>
        <line num="18" count="2" type="stmt"/>
        <line num="19" count="6" type="cond" truecount="1" falsecount="1"/>
        <line num="21" count="2" type="stmt"/>
        <line num="22" count="5" type="cond" truecount="1" falsecount="1"/>
        <line num="23" count="5" type="stmt"/>
        <line num="24" count="5" type="stmt"/>
        <line num="25" count="5" type="stmt"/>
        <line num="26" count="5" type="stmt"/>
        <line num="28" count="0" type="stmt"/>
        <line num="30" count="5" type="stmt"/>
        <line num="33" count="2" type="stmt"/>
        <line num="35" count="4" type="cond" truecount="1" falsecount="1"/>
        <line num="36" count="4" type="stmt"/>
        <line num="37" count="4" type="stmt"/>
        <line num="38" count="4" type="stmt"/>
        <line num="39" count="4" type="stmt"/>
        <line num="40" count="15" type="stmt"/>
        <line num="43" count="0" type="stmt"/>
        <line num="45" count="4" type="stmt"/>
        <line num="47" count="2" type="stmt"/>
        <line num="48" count="2" type="stmt"/>
        <line num="51" count="2" type="stmt"/>
        <line num="52" count="5" type="cond" truecount="1" falsecount="1"/>
        <line num="53" count="0" type="stmt"/>
        <line num="54" count="0" type="stmt"/>
        <line num="56" count="5" type="stmt"/>
        <line num="58" count="5" type="stmt"/>
        <line num="59" count="5" type="stmt"/>
        <line num="60" count="25" type="stmt"/>
        <line num="61" count="25" type="cond" truecount="4" falsecount="0"/>
        <line num="62" count="15" type="stmt"/>
        <line num="63" count="10" type="cond" truecount="4" falsecount="0"/>
        <line num="64" count="5" type="stmt"/>
        <line num="66" count="25" type="stmt"/>
        <line num="67" count="25" type="stmt"/>
        <line num="68" count="25" type="stmt"/>
        <line num="71" count="2" type="stmt"/>
        <line num="72" count="4" type="stmt"/>
        <line num="73" count="4" type="cond" truecount="1" falsecount="1"/>
        <line num="74" count="4" type="stmt"/>
        <line num="75" count="4" type="stmt"/>
        <line num="76" count="17" type="stmt"/>
        <line num="77" count="17" type="stmt"/>
        <line num="79" count="4" type="stmt"/>
        <line num="84" count="2" type="stmt"/>
        <line num="85" count="20" type="cond" truecount="2" falsecount="0"/>
        <line num="86" count="3" type="stmt"/>
        <line num="87" count="3" type="cond" truecount="2" falsecount="0"/>
        <line num="88" count="2" type="stmt"/>
        <line num="89" count="1" type="cond" truecount="3" falsecount="1"/>
        <line num="90" count="1" type="stmt"/>
        <line num="92" count="3" type="stmt"/>
        <line num="94" count="20" type="stmt"/>
        <line num="95" count="20" type="cond" truecount="4" falsecount="0"/>
        <line num="96" count="15" type="stmt"/>
        <line num="97" count="5" type="cond" truecount="3" falsecount="1"/>
        <line num="98" count="5" type="stmt"/>
        <line num="101" count="2" type="stmt"/>
        <line num="102" count="13" type="cond" truecount="1" falsecount="1"/>
        <line num="103" count="0" type="stmt"/>
        <line num="104" count="0" type="stmt"/>
        <line num="106" count="13" type="cond" truecount="1" falsecount="1"/>
        <line num="107" count="13" type="stmt"/>
        <line num="109" count="13" type="cond" truecount="2" falsecount="0"/>
        <line num="110" count="9" type="stmt"/>
        <line num="111" count="4" type="cond" truecount="3" falsecount="1"/>
        <line num="112" count="4" type="stmt"/>
        <line num="114" count="13" type="stmt"/>
        <line num="115" count="13" type="stmt"/>
        <line num="117" count="0" type="stmt"/>
        <line num="120" count="3" type="stmt"/>
        <line num="121" count="3" type="stmt"/>
        <line num="122" count="10" type="stmt"/>
        <line num="124" count="3" type="stmt"/>
        <line num="126" count="2" type="stmt"/>
        <line num="127" count="17" type="cond" truecount="1" falsecount="1"/>
        <line num="128" count="0" type="stmt"/>
        <line num="129" count="0" type="stmt"/>
        <line num="133" count="17" type="cond" truecount="2" falsecount="0"/>
        <line num="134" count="11" type="stmt"/>
        <line num="136" count="6" type="stmt"/>
        <line num="137" count="6" type="cond" truecount="2" falsecount="0"/>
        <line num="138" count="6" type="stmt"/>
        <line num="140" count="17" type="stmt"/>
        <line num="141" count="17" type="stmt"/>
        <line num="142" count="17" type="stmt"/>
        <line num="143" count="17" type="cond" truecount="2" falsecount="0"/>
        <line num="144" count="11" type="stmt"/>
        <line num="145" count="6" type="cond" truecount="3" falsecount="1"/>
        <line num="146" count="6" type="stmt"/>
        <line num="148" count="17" type="stmt"/>
        <line num="150" count="3" type="cond" truecount="1" falsecount="1"/>
        <line num="151" count="3" type="stmt"/>
        <line num="152" count="3" type="cond" truecount="3" falsecount="1"/>
        <line num="153" count="3" type="stmt"/>
        <line num="154" count="12" type="stmt"/>
        <line num="157" count="0" type="stmt"/>
        <line num="159" count="3" type="stmt"/>
        <line num="161" count="2" type="stmt"/>
        <line num="162" count="0" type="stmt"/>
        <line num="164" count="2" type="stmt"/>
        <line num="165" count="0" type="stmt"/>
        <line num="167" count="2" type="stmt"/>
      </file>
    </package>
  </project>
</coverage>
