{"E:\\NodeLearnSpace\\monorepo-learn\\packages\\core\\__tests__\\test-bootloaders.ts": {"path":"E:\\NodeLearnSpace\\monorepo-learn\\packages\\core\\__tests__\\test-bootloaders.ts","statementMap":{"0":{"start":{"line":1,"column":0},"end":{"line":1,"column":13}},"1":{"start":{"line":2,"column":11},"end":{"line":6,"column":null}},"2":{"start":{"line":3,"column":8},"end":{"line":3,"column":50}},"3":{"start":{"line":4,"column":8},"end":{"line":4,"column":56}},"4":{"start":{"line":5,"column":8},"end":{"line":5,"column":33}},"5":{"start":{"line":9,"column":0},"end":{"line":9,"column":null}},"6":{"start":{"line":1,"column":13},"end":{"line":1,"column":27}},"7":{"start":{"line":10,"column":0},"end":{"line":10,"column":13}},"8":{"start":{"line":11,"column":11},"end":{"line":14,"column":null}},"9":{"start":{"line":12,"column":8},"end":{"line":12,"column":50}},"10":{"start":{"line":13,"column":8},"end":{"line":13,"column":34}},"11":{"start":{"line":15,"column":0},"end":{"line":15,"column":null}},"12":{"start":{"line":10,"column":13},"end":{"line":10,"column":31}},"13":{"start":{"line":16,"column":0},"end":{"line":16,"column":13}},"14":{"start":{"line":17,"column":11},"end":{"line":23,"column":null}},"15":{"start":{"line":18,"column":8},"end":{"line":22,"column":17}},"16":{"start":{"line":19,"column":12},"end":{"line":19,"column":54}},"17":{"start":{"line":20,"column":12},"end":{"line":20,"column":60}},"18":{"start":{"line":21,"column":12},"end":{"line":21,"column":37}},"19":{"start":{"line":25,"column":0},"end":{"line":25,"column":null}},"20":{"start":{"line":16,"column":13},"end":{"line":16,"column":34}},"21":{"start":{"line":32,"column":0},"end":{"line":32,"column":13}},"22":{"start":{"line":36,"column":11},"end":{"line":39,"column":null}},"23":{"start":{"line":37,"column":8},"end":{"line":37,"column":45}},"24":{"start":{"line":38,"column":8},"end":{"line":38,"column":36}},"25":{"start":{"line":40,"column":11},"end":{"line":41,"column":null}},"26":{"start":{"line":42,"column":11},"end":{"line":44,"column":null}},"27":{"start":{"line":43,"column":8},"end":{"line":43,"column":31}},"28":{"start":{"line":45,"column":11},"end":{"line":47,"column":null}},"29":{"start":{"line":46,"column":8},"end":{"line":46,"column":77}},"30":{"start":{"line":49,"column":0},"end":{"line":49,"column":null}},"31":{"start":{"line":32,"column":13},"end":{"line":32,"column":23}},"32":{"start":{"line":50,"column":0},"end":{"line":50,"column":13}},"33":{"start":{"line":53,"column":24},"end":{"line":53,"column":43}},"34":{"start":{"line":56,"column":11},"end":{"line":59,"column":null}},"35":{"start":{"line":57,"column":8},"end":{"line":57,"column":32}},"36":{"start":{"line":58,"column":8},"end":{"line":58,"column":45}},"37":{"start":{"line":60,"column":11},"end":{"line":62,"column":null}},"38":{"start":{"line":61,"column":8},"end":{"line":61,"column":42}},"39":{"start":{"line":63,"column":11},"end":{"line":65,"column":null}},"40":{"start":{"line":64,"column":8},"end":{"line":64,"column":28}},"41":{"start":{"line":66,"column":11},"end":{"line":68,"column":null}},"42":{"start":{"line":67,"column":8},"end":{"line":67,"column":51}},"43":{"start":{"line":69,"column":11},"end":{"line":71,"column":null}},"44":{"start":{"line":70,"column":8},"end":{"line":70,"column":38}},"45":{"start":{"line":73,"column":0},"end":{"line":73,"column":null}},"46":{"start":{"line":50,"column":13},"end":{"line":50,"column":24}}},"fnMap":{"0":{"name":"(anonymous_0)","decl":{"start":{"line":1,"column":0},"end":{"line":1,"column":13}},"loc":{"start":{"line":1,"column":0},"end":{"line":9,"column":null}}},"1":{"name":"(anonymous_2)","decl":{"start":{"line":2,"column":4},"end":{"line":2,"column":11}},"loc":{"start":{"line":2,"column":61},"end":{"line":6,"column":5}}},"2":{"name":"(anonymous_3)","decl":{"start":{"line":10,"column":0},"end":{"line":10,"column":13}},"loc":{"start":{"line":10,"column":0},"end":{"line":15,"column":null}}},"3":{"name":"(anonymous_5)","decl":{"start":{"line":11,"column":4},"end":{"line":11,"column":11}},"loc":{"start":{"line":11,"column":61},"end":{"line":14,"column":5}}},"4":{"name":"(anonymous_6)","decl":{"start":{"line":16,"column":0},"end":{"line":16,"column":13}},"loc":{"start":{"line":16,"column":0},"end":{"line":25,"column":null}}},"5":{"name":"(anonymous_8)","decl":{"start":{"line":17,"column":4},"end":{"line":17,"column":11}},"loc":{"start":{"line":17,"column":61},"end":{"line":23,"column":5}}},"6":{"name":"(anonymous_9)","decl":{"start":{"line":18,"column":19},"end":{"line":18,"column":null}},"loc":{"start":{"line":18,"column":19},"end":{"line":22,"column":9}}},"7":{"name":"(anonymous_10)","decl":{"start":{"line":32,"column":0},"end":{"line":32,"column":13}},"loc":{"start":{"line":32,"column":0},"end":{"line":49,"column":null}}},"8":{"name":"(anonymous_12)","decl":{"start":{"line":36,"column":4},"end":{"line":36,"column":11}},"loc":{"start":{"line":36,"column":43},"end":{"line":39,"column":5}}},"9":{"name":"(anonymous_13)","decl":{"start":{"line":40,"column":4},"end":{"line":40,"column":11}},"loc":{"start":{"line":40,"column":4},"end":{"line":41,"column":5}}},"10":{"name":"(anonymous_14)","decl":{"start":{"line":42,"column":4},"end":{"line":42,"column":11}},"loc":{"start":{"line":42,"column":4},"end":{"line":44,"column":5}}},"11":{"name":"(anonymous_15)","decl":{"start":{"line":45,"column":4},"end":{"line":45,"column":11}},"loc":{"start":{"line":45,"column":4},"end":{"line":47,"column":5}}},"12":{"name":"(anonymous_16)","decl":{"start":{"line":50,"column":0},"end":{"line":50,"column":13}},"loc":{"start":{"line":50,"column":0},"end":{"line":73,"column":null}}},"13":{"name":"TestModule2","decl":{"start":{"line":53,"column":4},"end":{"line":53,"column":24}},"loc":{"start":{"line":53,"column":43},"end":{"line":55,"column":5}}},"14":{"name":"(anonymous_18)","decl":{"start":{"line":56,"column":4},"end":{"line":56,"column":11}},"loc":{"start":{"line":56,"column":31},"end":{"line":59,"column":5}}},"15":{"name":"(anonymous_19)","decl":{"start":{"line":60,"column":4},"end":{"line":60,"column":11}},"loc":{"start":{"line":60,"column":4},"end":{"line":62,"column":5}}},"16":{"name":"(anonymous_20)","decl":{"start":{"line":63,"column":4},"end":{"line":63,"column":11}},"loc":{"start":{"line":63,"column":4},"end":{"line":65,"column":5}}},"17":{"name":"(anonymous_21)","decl":{"start":{"line":66,"column":4},"end":{"line":66,"column":11}},"loc":{"start":{"line":66,"column":4},"end":{"line":68,"column":5}}},"18":{"name":"(anonymous_22)","decl":{"start":{"line":69,"column":4},"end":{"line":69,"column":11}},"loc":{"start":{"line":69,"column":4},"end":{"line":71,"column":5}}}},"branchMap":{"0":{"loc":{"start":{"line":5,"column":8},"end":{"line":5,"column":15}},"type":"binary-expr","locations":[{"start":{"line":5,"column":8},"end":{"line":5,"column":15}},{"start":{"line":5,"column":19},"end":{"line":5,"column":32}}]},"1":{"loc":{"start":{"line":13,"column":8},"end":{"line":13,"column":15}},"type":"binary-expr","locations":[{"start":{"line":13,"column":8},"end":{"line":13,"column":15}},{"start":{"line":13,"column":19},"end":{"line":13,"column":33}}]},"2":{"loc":{"start":{"line":21,"column":12},"end":{"line":21,"column":19}},"type":"binary-expr","locations":[{"start":{"line":21,"column":12},"end":{"line":21,"column":19}},{"start":{"line":21,"column":23},"end":{"line":21,"column":36}}]}},"s":{"0":1,"1":1,"2":6,"3":6,"4":6,"5":1,"6":1,"7":1,"8":1,"9":1,"10":1,"11":1,"12":1,"13":1,"14":1,"15":1,"16":1,"17":1,"18":1,"19":1,"20":1,"21":1,"22":1,"23":4,"24":4,"25":1,"26":1,"27":0,"28":1,"29":0,"30":1,"31":1,"32":1,"33":8,"34":1,"35":5,"36":5,"37":1,"38":5,"39":1,"40":1,"41":1,"42":0,"43":1,"44":0,"45":1,"46":1},"f":{"0":7,"1":6,"2":2,"3":1,"4":2,"5":1,"6":1,"7":9,"8":4,"9":1,"10":0,"11":0,"12":1,"13":8,"14":5,"15":5,"16":1,"17":0,"18":0},"b":{"0":[6,6],"1":[1,1],"2":[1,1]}}
,"E:\\NodeLearnSpace\\monorepo-learn\\packages\\core\\src\\egf-app.ts": {"path":"E:\\NodeLearnSpace\\monorepo-learn\\packages\\core\\src\\egf-app.ts","statementMap":{"0":{"start":{"line":1,"column":0},"end":{"line":1,"column":13}},"1":{"start":{"line":7,"column":14},"end":{"line":7,"column":33}},"2":{"start":{"line":8,"column":14},"end":{"line":8,"column":62}},"3":{"start":{"line":9,"column":4},"end":{"line":11,"column":null}},"4":{"start":{"line":10,"column":8},"end":{"line":10,"column":27}},"5":{"start":{"line":12,"column":4},"end":{"line":14,"column":null}},"6":{"start":{"line":13,"column":8},"end":{"line":13,"column":38}},"7":{"start":{"line":15,"column":17},"end":{"line":46,"column":null}},"8":{"start":{"line":16,"column":8},"end":{"line":16,"column":35}},"9":{"start":{"line":17,"column":8},"end":{"line":20,"column":null}},"10":{"start":{"line":18,"column":12},"end":{"line":18,"column":39}},"11":{"start":{"line":19,"column":12},"end":{"line":19,"column":24}},"12":{"start":{"line":21,"column":12},"end":{"line":21,"column":23}},"13":{"start":{"line":22,"column":18},"end":{"line":22,"column":56}},"14":{"start":{"line":24,"column":52},"end":{"line":24,"column":66}},"15":{"start":{"line":25,"column":16},"end":{"line":33,"column":20}},"16":{"start":{"line":26,"column":20},"end":{"line":32,"column":23}},"17":{"start":{"line":27,"column":24},"end":{"line":31,"column":null}},"18":{"start":{"line":28,"column":28},"end":{"line":28,"column":34}},"19":{"start":{"line":30,"column":28},"end":{"line":30,"column":34}},"20":{"start":{"line":23,"column":12},"end":{"line":34,"column":null}},"21":{"start":{"line":23,"column":21},"end":{"line":23,"column":25}},"22":{"start":{"line":36,"column":16},"end":{"line":36,"column":48}},"23":{"start":{"line":37,"column":16},"end":{"line":37,"column":43}},"24":{"start":{"line":38,"column":16},"end":{"line":38,"column":28}},"25":{"start":{"line":41,"column":16},"end":{"line":41,"column":33}},"26":{"start":{"line":42,"column":16},"end":{"line":42,"column":43}},"27":{"start":{"line":43,"column":16},"end":{"line":43,"column":29}},"28":{"start":{"line":48,"column":11},"end":{"line":61,"column":null}},"29":{"start":{"line":49,"column":26},"end":{"line":49,"column":41}},"30":{"start":{"line":51,"column":8},"end":{"line":51,"column":46}},"31":{"start":{"line":51,"column":39},"end":{"line":51,"column":46}},"32":{"start":{"line":52,"column":8},"end":{"line":55,"column":null}},"33":{"start":{"line":53,"column":12},"end":{"line":53,"column":39}},"34":{"start":{"line":54,"column":12},"end":{"line":54,"column":62}},"35":{"start":{"line":56,"column":8},"end":{"line":59,"column":null}},"36":{"start":{"line":57,"column":12},"end":{"line":57,"column":39}},"37":{"start":{"line":58,"column":12},"end":{"line":58,"column":72}},"38":{"start":{"line":60,"column":8},"end":{"line":60,"column":34}},"39":{"start":{"line":62,"column":11},"end":{"line":87,"column":null}},"40":{"start":{"line":63,"column":8},"end":{"line":63,"column":51}},"41":{"start":{"line":63,"column":38},"end":{"line":63,"column":51}},"42":{"start":{"line":64,"column":27},"end":{"line":64,"column":32}},"43":{"start":{"line":65,"column":8},"end":{"line":67,"column":null}},"44":{"start":{"line":66,"column":12},"end":{"line":66,"column":41}},"45":{"start":{"line":68,"column":8},"end":{"line":85,"column":null}},"46":{"start":{"line":69,"column":12},"end":{"line":82,"column":null}},"47":{"start":{"line":70,"column":16},"end":{"line":79,"column":null}},"48":{"start":{"line":71,"column":20},"end":{"line":71,"column":53}},"49":{"start":{"line":72,"column":20},"end":{"line":72,"column":31}},"50":{"start":{"line":73,"column":20},"end":{"line":76,"column":null}},"51":{"start":{"line":74,"column":24},"end":{"line":74,"column":67}},"52":{"start":{"line":75,"column":24},"end":{"line":75,"column":73}},"53":{"start":{"line":78,"column":20},"end":{"line":78,"column":58}},"54":{"start":{"line":81,"column":16},"end":{"line":81,"column":48}},"55":{"start":{"line":84,"column":12},"end":{"line":84,"column":38}},"56":{"start":{"line":86,"column":8},"end":{"line":86,"column":19}},"57":{"start":{"line":88,"column":11},"end":{"line":90,"column":null}},"58":{"start":{"line":89,"column":8},"end":{"line":89,"column":51}},"59":{"start":{"line":91,"column":11},"end":{"line":99,"column":null}},"60":{"start":{"line":92,"column":26},"end":{"line":92,"column":41}},"61":{"start":{"line":94,"column":8},"end":{"line":94,"column":32}},"62":{"start":{"line":95,"column":8},"end":{"line":98,"column":null}},"63":{"start":{"line":96,"column":12},"end":{"line":96,"column":39}},"64":{"start":{"line":97,"column":12},"end":{"line":97,"column":51}},"65":{"start":{"line":100,"column":11},"end":{"line":102,"column":null}},"66":{"start":{"line":101,"column":8},"end":{"line":101,"column":56}},"67":{"start":{"line":104,"column":14},"end":{"line":106,"column":null}},"68":{"start":{"line":105,"column":8},"end":{"line":105,"column":28}},"69":{"start":{"line":112,"column":14},"end":{"line":124,"column":6}},"70":{"start":{"line":113,"column":8},"end":{"line":123,"column":null}},"71":{"start":{"line":115,"column":16},"end":{"line":115,"column":44}},"72":{"start":{"line":116,"column":16},"end":{"line":116,"column":22}},"73":{"start":{"line":118,"column":16},"end":{"line":118,"column":45}},"74":{"start":{"line":119,"column":16},"end":{"line":119,"column":22}},"75":{"start":{"line":121,"column":16},"end":{"line":121,"column":44}},"76":{"start":{"line":122,"column":16},"end":{"line":122,"column":22}},"77":{"start":{"line":2,"column":27},"end":{"line":2,"column":46}},"78":{"start":{"line":3,"column":27},"end":{"line":3,"column":47}},"79":{"start":{"line":4,"column":27},"end":{"line":4,"column":47}},"80":{"start":{"line":5,"column":27},"end":{"line":5,"column":46}},"81":{"start":{"line":6,"column":27},"end":{"line":6,"column":44}},"82":{"start":{"line":126,"column":0},"end":{"line":126,"column":null}},"83":{"start":{"line":1,"column":13},"end":{"line":1,"column":16}}},"fnMap":{"0":{"name":"(anonymous_13)","decl":{"start":{"line":1,"column":0},"end":{"line":1,"column":13}},"loc":{"start":{"line":1,"column":0},"end":{"line":1,"column":13}}},"1":{"name":"(anonymous_15)","decl":{"start":{"line":9,"column":4},"end":{"line":9,"column":15}},"loc":{"start":{"line":9,"column":4},"end":{"line":11,"column":5}}},"2":{"name":"(anonymous_16)","decl":{"start":{"line":12,"column":4},"end":{"line":12,"column":15}},"loc":{"start":{"line":12,"column":4},"end":{"line":14,"column":5}}},"3":{"name":"(anonymous_17)","decl":{"start":{"line":15,"column":4},"end":{"line":15,"column":17}},"loc":{"start":{"line":15,"column":58},"end":{"line":46,"column":null}}},"4":{"name":"(anonymous_21)","decl":{"start":{"line":25,"column":46},"end":{"line":25,"column":47}},"loc":{"start":{"line":25,"column":55},"end":{"line":33,"column":17}}},"5":{"name":"(anonymous_22)","decl":{"start":{"line":26,"column":51},"end":{"line":26,"column":52}},"loc":{"start":{"line":26,"column":56},"end":{"line":32,"column":21}}},"6":{"name":"(anonymous_23)","decl":{"start":{"line":48,"column":4},"end":{"line":48,"column":11}},"loc":{"start":{"line":48,"column":4},"end":{"line":61,"column":5}}},"7":{"name":"(anonymous_24)","decl":{"start":{"line":62,"column":4},"end":{"line":62,"column":11}},"loc":{"start":{"line":62,"column":73},"end":{"line":87,"column":5}}},"8":{"name":"(anonymous_25)","decl":{"start":{"line":88,"column":4},"end":{"line":88,"column":11}},"loc":{"start":{"line":88,"column":47},"end":{"line":90,"column":5}}},"9":{"name":"(anonymous_26)","decl":{"start":{"line":91,"column":4},"end":{"line":91,"column":11}},"loc":{"start":{"line":91,"column":4},"end":{"line":99,"column":5}}},"10":{"name":"(anonymous_27)","decl":{"start":{"line":100,"column":4},"end":{"line":100,"column":11}},"loc":{"start":{"line":100,"column":60},"end":{"line":102,"column":5}}},"11":{"name":"(anonymous_28)","decl":{"start":{"line":104,"column":4},"end":{"line":104,"column":14}},"loc":{"start":{"line":104,"column":36},"end":{"line":106,"column":5}}},"12":{"name":"(anonymous_29)","decl":{"start":{"line":112,"column":4},"end":{"line":112,"column":14}},"loc":{"start":{"line":112,"column":46},"end":{"line":124,"column":5}}}},"branchMap":{"0":{"loc":{"start":{"line":17,"column":8},"end":{"line":20,"column":null}},"type":"if","locations":[{"start":{"line":17,"column":8},"end":{"line":20,"column":null}},{"start":{"line":17,"column":8},"end":{"line":20,"column":null}}]},"1":{"loc":{"start":{"line":17,"column":12},"end":{"line":17,"column":24}},"type":"binary-expr","locations":[{"start":{"line":17,"column":12},"end":{"line":17,"column":24}},{"start":{"line":17,"column":28},"end":{"line":17,"column":51}}]},"2":{"loc":{"start":{"line":21,"column":12},"end":{"line":21,"column":23}},"type":"if","locations":[{"start":{"line":21,"column":12},"end":{"line":21,"column":23}},{"start":{"line":21,"column":12},"end":{"line":21,"column":23}}]},"3":{"loc":{"start":{"line":21,"column":12},"end":{"line":21,"column":23}},"type":"binary-expr","locations":[{"start":{"line":21,"column":12},"end":{"line":21,"column":23}},{"start":{"line":21,"column":27},"end":{"line":21,"column":49}}]},"4":{"loc":{"start":{"line":27,"column":24},"end":{"line":31,"column":null}},"type":"if","locations":[{"start":{"line":27,"column":24},"end":{"line":31,"column":null}},{"start":{"line":27,"column":24},"end":{"line":31,"column":null}}]},"5":{"loc":{"start":{"line":51,"column":8},"end":{"line":51,"column":46}},"type":"if","locations":[{"start":{"line":51,"column":8},"end":{"line":51,"column":46}},{"start":{"line":51,"column":8},"end":{"line":51,"column":46}}]},"6":{"loc":{"start":{"line":54,"column":12},"end":{"line":54,"column":28}},"type":"binary-expr","locations":[{"start":{"line":54,"column":12},"end":{"line":54,"column":28}},{"start":{"line":54,"column":32},"end":{"line":54,"column":61}}]},"7":{"loc":{"start":{"line":58,"column":12},"end":{"line":58,"column":33}},"type":"binary-expr","locations":[{"start":{"line":58,"column":12},"end":{"line":58,"column":33}},{"start":{"line":58,"column":37},"end":{"line":58,"column":71}}]},"8":{"loc":{"start":{"line":63,"column":8},"end":{"line":63,"column":51}},"type":"if","locations":[{"start":{"line":63,"column":8},"end":{"line":63,"column":51}},{"start":{"line":63,"column":8},"end":{"line":63,"column":51}}]},"9":{"loc":{"start":{"line":65,"column":8},"end":{"line":67,"column":null}},"type":"if","locations":[{"start":{"line":65,"column":8},"end":{"line":67,"column":null}},{"start":{"line":65,"column":8},"end":{"line":67,"column":null}}]},"10":{"loc":{"start":{"line":68,"column":8},"end":{"line":85,"column":null}},"type":"if","locations":[{"start":{"line":68,"column":8},"end":{"line":85,"column":null}},{"start":{"line":68,"column":8},"end":{"line":85,"column":null}}]},"11":{"loc":{"start":{"line":68,"column":12},"end":{"line":68,"column":15}},"type":"binary-expr","locations":[{"start":{"line":68,"column":12},"end":{"line":68,"column":15}},{"start":{"line":68,"column":19},"end":{"line":68,"column":42}}]},"12":{"loc":{"start":{"line":69,"column":12},"end":{"line":82,"column":null}},"type":"if","locations":[{"start":{"line":69,"column":12},"end":{"line":82,"column":null}},{"start":{"line":69,"column":12},"end":{"line":82,"column":null}}]},"13":{"loc":{"start":{"line":70,"column":16},"end":{"line":79,"column":null}},"type":"if","locations":[{"start":{"line":70,"column":16},"end":{"line":79,"column":null}},{"start":{"line":70,"column":16},"end":{"line":79,"column":null}}]},"14":{"loc":{"start":{"line":73,"column":20},"end":{"line":76,"column":null}},"type":"if","locations":[{"start":{"line":73,"column":20},"end":{"line":76,"column":null}},{"start":{"line":73,"column":20},"end":{"line":76,"column":null}}]},"15":{"loc":{"start":{"line":74,"column":24},"end":{"line":74,"column":40}},"type":"binary-expr","locations":[{"start":{"line":74,"column":24},"end":{"line":74,"column":40}},{"start":{"line":74,"column":44},"end":{"line":74,"column":66}}]},"16":{"loc":{"start":{"line":75,"column":24},"end":{"line":75,"column":45}},"type":"binary-expr","locations":[{"start":{"line":75,"column":24},"end":{"line":75,"column":45}},{"start":{"line":75,"column":49},"end":{"line":75,"column":72}}]},"17":{"loc":{"start":{"line":97,"column":12},"end":{"line":97,"column":28}},"type":"binary-expr","locations":[{"start":{"line":97,"column":12},"end":{"line":97,"column":28}},{"start":{"line":97,"column":32},"end":{"line":97,"column":50}}]},"18":{"loc":{"start":{"line":114,"column":12},"end":{"line":116,"column":22}},"type":"switch","locations":[{"start":{"line":114,"column":12},"end":{"line":116,"column":22}},{"start":{"line":117,"column":12},"end":{"line":119,"column":22}},{"start":{"line":120,"column":12},"end":{"line":122,"column":22}}]}},"s":{"0":1,"1":7,"2":7,"3":1,"4":7,"5":1,"6":3,"7":1,"8":7,"9":7,"10":0,"11":0,"12":7,"13":7,"14":8,"15":8,"16":8,"17":8,"18":7,"19":1,"20":7,"21":8,"22":14,"23":6,"24":6,"25":1,"26":1,"27":1,"28":1,"29":4,"30":4,"31":0,"32":4,"33":8,"34":8,"35":4,"36":8,"37":8,"38":4,"39":1,"40":17,"41":0,"42":17,"43":17,"44":0,"45":17,"46":17,"47":17,"48":16,"49":16,"50":16,"51":1,"52":1,"53":1,"54":0,"55":0,"56":17,"57":1,"58":0,"59":1,"60":1,"61":1,"62":1,"63":2,"64":2,"65":1,"66":17,"67":1,"68":19,"69":1,"70":1,"71":0,"72":0,"73":0,"74":0,"75":1,"76":1,"77":1,"78":1,"79":1,"80":1,"81":1,"82":1,"83":1},"f":{"0":8,"1":7,"2":3,"3":7,"4":8,"5":8,"6":4,"7":17,"8":0,"9":1,"10":17,"11":19,"12":1},"b":{"0":[0,7],"1":[7,7],"2":[0,7],"3":[7,7],"4":[7,1],"5":[0,4],"6":[8,8],"7":[8,4],"8":[0,17],"9":[0,17],"10":[17,0],"11":[17,17],"12":[17,0],"13":[16,1],"14":[1,15],"15":[1,1],"16":[1,1],"17":[2,2],"18":[0,0,1]}}
,"E:\\NodeLearnSpace\\monorepo-learn\\packages\\layer\\__tests__\\test-custom-layer-lmp.ts": {"path":"E:\\NodeLearnSpace\\monorepo-learn\\packages\\layer\\__tests__\\test-custom-layer-lmp.ts","statementMap":{"0":{"start":{"line":3,"column":0},"end":{"line":3,"column":13}},"1":{"start":{"line":7,"column":4},"end":{"line":12,"column":null}},"2":{"start":{"line":8,"column":8},"end":{"line":11,"column":null}},"3":{"start":{"line":9,"column":12},"end":{"line":9,"column":39}},"4":{"start":{"line":10,"column":12},"end":{"line":10,"column":39}},"5":{"start":{"line":13,"column":4},"end":{"line":15,"column":null}},"6":{"start":{"line":14,"column":8},"end":{"line":14,"column":28}},"7":{"start":{"line":16,"column":4},"end":{"line":17,"column":null}},"8":{"start":{"line":18,"column":4},"end":{"line":19,"column":null}},"9":{"start":{"line":20,"column":4},"end":{"line":22,"column":null}},"10":{"start":{"line":23,"column":4},"end":{"line":25,"column":null}},"11":{"start":{"line":28,"column":0},"end":{"line":28,"column":null}},"12":{"start":{"line":3,"column":13},"end":{"line":3,"column":32}}},"fnMap":{"0":{"name":"(anonymous_0)","decl":{"start":{"line":3,"column":0},"end":{"line":3,"column":13}},"loc":{"start":{"line":3,"column":0},"end":{"line":28,"column":null}}},"1":{"name":"(anonymous_2)","decl":{"start":{"line":7,"column":4},"end":{"line":7,"column":10}},"loc":{"start":{"line":7,"column":74},"end":{"line":12,"column":5}}},"2":{"name":"(anonymous_3)","decl":{"start":{"line":13,"column":4},"end":{"line":13,"column":9}},"loc":{"start":{"line":13,"column":30},"end":{"line":15,"column":5}}},"3":{"name":"(anonymous_4)","decl":{"start":{"line":16,"column":4},"end":{"line":16,"column":10}},"loc":{"start":{"line":16,"column":4},"end":{"line":17,"column":5}}},"4":{"name":"(anonymous_5)","decl":{"start":{"line":18,"column":4},"end":{"line":18,"column":10}},"loc":{"start":{"line":18,"column":4},"end":{"line":19,"column":5}}},"5":{"name":"(anonymous_6)","decl":{"start":{"line":20,"column":4},"end":{"line":20,"column":13}},"loc":{"start":{"line":20,"column":4},"end":{"line":22,"column":5}}},"6":{"name":"(anonymous_7)","decl":{"start":{"line":23,"column":4},"end":{"line":23,"column":13}},"loc":{"start":{"line":23,"column":34},"end":{"line":25,"column":5}}}},"branchMap":{"0":{"loc":{"start":{"line":8,"column":8},"end":{"line":11,"column":null}},"type":"if","locations":[{"start":{"line":8,"column":8},"end":{"line":11,"column":null}},{"start":{"line":8,"column":8},"end":{"line":11,"column":null}}]}},"s":{"0":1,"1":1,"2":2,"3":2,"4":2,"5":1,"6":2,"7":1,"8":1,"9":1,"10":1,"11":1,"12":1},"f":{"0":3,"1":2,"2":2,"3":0,"4":0,"5":0,"6":0},"b":{"0":[2,0]}}
,"E:\\NodeLearnSpace\\monorepo-learn\\packages\\layer\\__tests__\\test-layer-lmp.ts": {"path":"E:\\NodeLearnSpace\\monorepo-learn\\packages\\layer\\__tests__\\test-layer-lmp.ts","statementMap":{"0":{"start":{"line":3,"column":0},"end":{"line":3,"column":13}},"1":{"start":{"line":7,"column":4},"end":{"line":12,"column":null}},"2":{"start":{"line":8,"column":8},"end":{"line":11,"column":null}},"3":{"start":{"line":9,"column":12},"end":{"line":9,"column":39}},"4":{"start":{"line":10,"column":12},"end":{"line":10,"column":39}},"5":{"start":{"line":13,"column":4},"end":{"line":15,"column":null}},"6":{"start":{"line":14,"column":8},"end":{"line":14,"column":28}},"7":{"start":{"line":16,"column":4},"end":{"line":17,"column":null}},"8":{"start":{"line":18,"column":4},"end":{"line":19,"column":null}},"9":{"start":{"line":20,"column":4},"end":{"line":22,"column":null}},"10":{"start":{"line":23,"column":4},"end":{"line":25,"column":null}},"11":{"start":{"line":28,"column":0},"end":{"line":28,"column":null}},"12":{"start":{"line":3,"column":13},"end":{"line":3,"column":26}}},"fnMap":{"0":{"name":"(anonymous_0)","decl":{"start":{"line":3,"column":0},"end":{"line":3,"column":13}},"loc":{"start":{"line":3,"column":0},"end":{"line":28,"column":null}}},"1":{"name":"(anonymous_2)","decl":{"start":{"line":7,"column":4},"end":{"line":7,"column":10}},"loc":{"start":{"line":7,"column":74},"end":{"line":12,"column":5}}},"2":{"name":"(anonymous_3)","decl":{"start":{"line":13,"column":4},"end":{"line":13,"column":9}},"loc":{"start":{"line":13,"column":30},"end":{"line":15,"column":5}}},"3":{"name":"(anonymous_4)","decl":{"start":{"line":16,"column":4},"end":{"line":16,"column":10}},"loc":{"start":{"line":16,"column":4},"end":{"line":17,"column":5}}},"4":{"name":"(anonymous_5)","decl":{"start":{"line":18,"column":4},"end":{"line":18,"column":10}},"loc":{"start":{"line":18,"column":4},"end":{"line":19,"column":5}}},"5":{"name":"(anonymous_6)","decl":{"start":{"line":20,"column":4},"end":{"line":20,"column":13}},"loc":{"start":{"line":20,"column":4},"end":{"line":22,"column":5}}},"6":{"name":"(anonymous_7)","decl":{"start":{"line":23,"column":4},"end":{"line":23,"column":13}},"loc":{"start":{"line":23,"column":34},"end":{"line":25,"column":5}}}},"branchMap":{"0":{"loc":{"start":{"line":8,"column":8},"end":{"line":11,"column":null}},"type":"if","locations":[{"start":{"line":8,"column":8},"end":{"line":11,"column":null}},{"start":{"line":8,"column":8},"end":{"line":11,"column":null}}]}},"s":{"0":1,"1":1,"2":21,"3":21,"4":21,"5":1,"6":21,"7":1,"8":1,"9":1,"10":1,"11":1,"12":1},"f":{"0":22,"1":21,"2":21,"3":1,"4":1,"5":1,"6":1},"b":{"0":[21,0]}}
,"E:\\NodeLearnSpace\\monorepo-learn\\packages\\layer\\__tests__\\test-layer-type.ts": {"path":"E:\\NodeLearnSpace\\monorepo-learn\\packages\\layer\\__tests__\\test-layer-type.ts","statementMap":{"0":{"start":{"line":1,"column":0},"end":{"line":1,"column":null}},"1":{"start":{"line":2,"column":4},"end":{"line":2,"column":null}},"2":{"start":{"line":3,"column":4},"end":{"line":3,"column":null}},"3":{"start":{"line":4,"column":4},"end":{"line":4,"column":null}},"4":{"start":{"line":6,"column":0},"end":{"line":6,"column":null}},"5":{"start":{"line":7,"column":4},"end":{"line":7,"column":null}},"6":{"start":{"line":8,"column":4},"end":{"line":8,"column":null}},"7":{"start":{"line":9,"column":4},"end":{"line":9,"column":null}},"8":{"start":{"line":10,"column":4},"end":{"line":10,"column":null}}},"fnMap":{"0":{"name":"(anonymous_0)","decl":{"start":{"line":1,"column":0},"end":{"line":1,"column":12}},"loc":{"start":{"line":1,"column":25},"end":{"line":5,"column":1}}},"1":{"name":"(anonymous_1)","decl":{"start":{"line":6,"column":0},"end":{"line":6,"column":12}},"loc":{"start":{"line":6,"column":34},"end":{"line":11,"column":1}}}},"branchMap":{"0":{"loc":{"start":{"line":1,"column":12},"end":{"line":1,"column":25}},"type":"binary-expr","locations":[{"start":{"line":1,"column":12},"end":{"line":1,"column":25}},{"start":{"line":1,"column":12},"end":{"line":1,"column":null}}]},"1":{"loc":{"start":{"line":6,"column":12},"end":{"line":6,"column":34}},"type":"binary-expr","locations":[{"start":{"line":6,"column":12},"end":{"line":6,"column":34}},{"start":{"line":6,"column":12},"end":{"line":6,"column":null}}]}},"s":{"0":1,"1":1,"2":1,"3":1,"4":1,"5":1,"6":1,"7":1,"8":1},"f":{"0":1,"1":1},"b":{"0":[1,1],"1":[1,1]}}
,"E:\\NodeLearnSpace\\monorepo-learn\\packages\\layer\\__tests__\\test-render-node.ts": {"path":"E:\\NodeLearnSpace\\monorepo-learn\\packages\\layer\\__tests__\\test-render-node.ts","statementMap":{"0":{"start":{"line":1,"column":0},"end":{"line":1,"column":13}},"1":{"start":{"line":2,"column":11},"end":{"line":2,"column":30}},"2":{"start":{"line":3,"column":4},"end":{"line":6,"column":null}},"3":{"start":{"line":5,"column":8},"end":{"line":5,"column":31}},"4":{"start":{"line":7,"column":0},"end":{"line":7,"column":null}},"5":{"start":{"line":1,"column":13},"end":{"line":1,"column":27}}},"fnMap":{"0":{"name":"(anonymous_0)","decl":{"start":{"line":1,"column":0},"end":{"line":1,"column":13}},"loc":{"start":{"line":1,"column":0},"end":{"line":7,"column":null}}},"1":{"name":"(anonymous_2)","decl":{"start":{"line":3,"column":4},"end":{"line":3,"column":12}},"loc":{"start":{"line":3,"column":22},"end":{"line":6,"column":5}}}},"branchMap":{},"s":{"0":1,"1":8,"2":1,"3":23,"4":1,"5":1},"f":{"0":9,"1":23},"b":{}}
,"E:\\NodeLearnSpace\\monorepo-learn\\packages\\layer\\src\\layer-mgr.ts": {"path":"E:\\NodeLearnSpace\\monorepo-learn\\packages\\layer\\src\\layer-mgr.ts","statementMap":{"0":{"start":{"line":3,"column":0},"end":{"line":3,"column":13}},"1":{"start":{"line":9,"column":11},"end":{"line":9,"column":null}},"2":{"start":{"line":10,"column":11},"end":{"line":37,"column":null}},"3":{"start":{"line":11,"column":8},"end":{"line":11,"column":36}},"4":{"start":{"line":11,"column":18},"end":{"line":11,"column":36}},"5":{"start":{"line":12,"column":8},"end":{"line":12,"column":35}},"6":{"start":{"line":13,"column":8},"end":{"line":13,"column":40}},"7":{"start":{"line":14,"column":8},"end":{"line":14,"column":33}},"8":{"start":{"line":15,"column":20},"end":{"line":15,"column":53}},"9":{"start":{"line":21,"column":8},"end":{"line":36,"column":null}},"10":{"start":{"line":21,"column":21},"end":{"line":21,"column":22}},"11":{"start":{"line":22,"column":12},"end":{"line":22,"column":65}},"12":{"start":{"line":23,"column":12},"end":{"line":23,"column":54}},"13":{"start":{"line":24,"column":12},"end":{"line":24,"column":54}},"14":{"start":{"line":25,"column":12},"end":{"line":27,"column":null}},"15":{"start":{"line":26,"column":16},"end":{"line":26,"column":38}},"16":{"start":{"line":28,"column":12},"end":{"line":32,"column":null}},"17":{"start":{"line":29,"column":16},"end":{"line":29,"column":52}},"18":{"start":{"line":31,"column":16},"end":{"line":31,"column":36}},"19":{"start":{"line":33,"column":12},"end":{"line":33,"column":31}},"20":{"start":{"line":34,"column":12},"end":{"line":34,"column":45}},"21":{"start":{"line":35,"column":12},"end":{"line":35,"column":33}},"22":{"start":{"line":38,"column":11},"end":{"line":46,"column":null}},"23":{"start":{"line":39,"column":8},"end":{"line":39,"column":26}},"24":{"start":{"line":39,"column":19},"end":{"line":39,"column":26}},"25":{"start":{"line":40,"column":8},"end":{"line":40,"column":26}},"26":{"start":{"line":41,"column":8},"end":{"line":45,"column":null}},"27":{"start":{"line":42,"column":12},"end":{"line":44,"column":15}},"28":{"start":{"line":43,"column":16},"end":{"line":43,"column":34}},"29":{"start":{"line":47,"column":4},"end":{"line":49,"column":null}},"30":{"start":{"line":48,"column":8},"end":{"line":48,"column":26}},"31":{"start":{"line":51,"column":4},"end":{"line":53,"column":null}},"32":{"start":{"line":52,"column":8},"end":{"line":52,"column":30}},"33":{"start":{"line":54,"column":11},"end":{"line":68,"column":null}},"34":{"start":{"line":55,"column":8},"end":{"line":57,"column":null}},"35":{"start":{"line":56,"column":12},"end":{"line":56,"column":39}},"36":{"start":{"line":58,"column":26},"end":{"line":58,"column":41}},"37":{"start":{"line":59,"column":8},"end":{"line":62,"column":null}},"38":{"start":{"line":60,"column":12},"end":{"line":60,"column":84}},"39":{"start":{"line":61,"column":12},"end":{"line":61,"column":25}},"40":{"start":{"line":63,"column":8},"end":{"line":63,"column":45}},"41":{"start":{"line":64,"column":8},"end":{"line":66,"column":null}},"42":{"start":{"line":65,"column":12},"end":{"line":65,"column":36}},"43":{"start":{"line":67,"column":8},"end":{"line":67,"column":20}},"44":{"start":{"line":69,"column":11},"end":{"line":77,"column":null}},"45":{"start":{"line":70,"column":8},"end":{"line":72,"column":null}},"46":{"start":{"line":71,"column":12},"end":{"line":71,"column":25}},"47":{"start":{"line":73,"column":36},"end":{"line":73,"column":65}},"48":{"start":{"line":74,"column":8},"end":{"line":74,"column":45}},"49":{"start":{"line":75,"column":8},"end":{"line":75,"column":41}},"50":{"start":{"line":76,"column":8},"end":{"line":76,"column":20}},"51":{"start":{"line":78,"column":11},"end":{"line":83,"column":null}},"52":{"start":{"line":79,"column":22},"end":{"line":79,"column":52}},"53":{"start":{"line":80,"column":8},"end":{"line":82,"column":null}},"54":{"start":{"line":81,"column":12},"end":{"line":81,"column":27}},"55":{"start":{"line":84,"column":11},"end":{"line":89,"column":null}},"56":{"start":{"line":85,"column":22},"end":{"line":85,"column":52}},"57":{"start":{"line":86,"column":8},"end":{"line":88,"column":null}},"58":{"start":{"line":87,"column":12},"end":{"line":87,"column":27}},"59":{"start":{"line":90,"column":11},"end":{"line":95,"column":null}},"60":{"start":{"line":91,"column":22},"end":{"line":91,"column":52}},"61":{"start":{"line":92,"column":8},"end":{"line":94,"column":null}},"62":{"start":{"line":93,"column":12},"end":{"line":93,"column":34}},"63":{"start":{"line":97,"column":11},"end":{"line":103,"column":null}},"64":{"start":{"line":98,"column":22},"end":{"line":98,"column":51}},"65":{"start":{"line":99,"column":8},"end":{"line":101,"column":null}},"66":{"start":{"line":100,"column":12},"end":{"line":100,"column":84}},"67":{"start":{"line":102,"column":8},"end":{"line":102,"column":21}},"68":{"start":{"line":104,"column":0},"end":{"line":104,"column":null}},"69":{"start":{"line":3,"column":13},"end":{"line":3,"column":21}}},"fnMap":{"0":{"name":"(anonymous_0)","decl":{"start":{"line":3,"column":0},"end":{"line":3,"column":13}},"loc":{"start":{"line":3,"column":0},"end":{"line":104,"column":null}}},"1":{"name":"(anonymous_2)","decl":{"start":{"line":9,"column":4},"end":{"line":9,"column":11}},"loc":{"start":{"line":9,"column":4},"end":{"line":9,"column":19}}},"2":{"name":"(anonymous_3)","decl":{"start":{"line":10,"column":4},"end":{"line":10,"column":11}},"loc":{"start":{"line":10,"column":110},"end":{"line":37,"column":5}}},"3":{"name":"(anonymous_4)","decl":{"start":{"line":38,"column":4},"end":{"line":38,"column":11}},"loc":{"start":{"line":38,"column":31},"end":{"line":46,"column":5}}},"4":{"name":"(anonymous_5)","decl":{"start":{"line":42,"column":35},"end":{"line":42,"column":36}},"loc":{"start":{"line":42,"column":55},"end":{"line":44,"column":13}}},"5":{"name":"(anonymous_6)","decl":{"start":{"line":47,"column":4},"end":{"line":47,"column":15}},"loc":{"start":{"line":47,"column":4},"end":{"line":49,"column":5}}},"6":{"name":"(anonymous_7)","decl":{"start":{"line":51,"column":4},"end":{"line":51,"column":15}},"loc":{"start":{"line":51,"column":4},"end":{"line":53,"column":5}}},"7":{"name":"(anonymous_8)","decl":{"start":{"line":54,"column":4},"end":{"line":54,"column":11}},"loc":{"start":{"line":54,"column":39},"end":{"line":68,"column":5}}},"8":{"name":"(anonymous_9)","decl":{"start":{"line":69,"column":4},"end":{"line":69,"column":11}},"loc":{"start":{"line":69,"column":40},"end":{"line":77,"column":5}}},"9":{"name":"(anonymous_10)","decl":{"start":{"line":78,"column":4},"end":{"line":78,"column":11}},"loc":{"start":{"line":78,"column":38},"end":{"line":83,"column":5}}},"10":{"name":"(anonymous_11)","decl":{"start":{"line":84,"column":4},"end":{"line":84,"column":11}},"loc":{"start":{"line":84,"column":38},"end":{"line":89,"column":5}}},"11":{"name":"(anonymous_12)","decl":{"start":{"line":90,"column":4},"end":{"line":90,"column":11}},"loc":{"start":{"line":90,"column":52},"end":{"line":95,"column":5}}},"12":{"name":"(anonymous_13)","decl":{"start":{"line":97,"column":4},"end":{"line":97,"column":11}},"loc":{"start":{"line":97,"column":67},"end":{"line":103,"column":5}}}},"branchMap":{"0":{"loc":{"start":{"line":11,"column":8},"end":{"line":11,"column":36}},"type":"if","locations":[{"start":{"line":11,"column":8},"end":{"line":11,"column":36}},{"start":{"line":11,"column":8},"end":{"line":11,"column":36}}]},"1":{"loc":{"start":{"line":25,"column":12},"end":{"line":27,"column":null}},"type":"if","locations":[{"start":{"line":25,"column":12},"end":{"line":27,"column":null}},{"start":{"line":25,"column":12},"end":{"line":27,"column":null}}]},"2":{"loc":{"start":{"line":28,"column":12},"end":{"line":32,"column":null}},"type":"if","locations":[{"start":{"line":28,"column":12},"end":{"line":32,"column":null}},{"start":{"line":28,"column":12},"end":{"line":32,"column":null}}]},"3":{"loc":{"start":{"line":28,"column":16},"end":{"line":28,"column":24}},"type":"binary-expr","locations":[{"start":{"line":28,"column":16},"end":{"line":28,"column":24}},{"start":{"line":28,"column":28},"end":{"line":28,"column":56}}]},"4":{"loc":{"start":{"line":39,"column":8},"end":{"line":39,"column":26}},"type":"if","locations":[{"start":{"line":39,"column":8},"end":{"line":39,"column":26}},{"start":{"line":39,"column":8},"end":{"line":39,"column":26}}]},"5":{"loc":{"start":{"line":41,"column":8},"end":{"line":45,"column":null}},"type":"if","locations":[{"start":{"line":41,"column":8},"end":{"line":45,"column":null}},{"start":{"line":41,"column":8},"end":{"line":45,"column":null}}]},"6":{"loc":{"start":{"line":55,"column":8},"end":{"line":57,"column":null}},"type":"if","locations":[{"start":{"line":55,"column":8},"end":{"line":57,"column":null}},{"start":{"line":55,"column":8},"end":{"line":57,"column":null}}]},"7":{"loc":{"start":{"line":59,"column":8},"end":{"line":62,"column":null}},"type":"if","locations":[{"start":{"line":59,"column":8},"end":{"line":62,"column":null}},{"start":{"line":59,"column":8},"end":{"line":62,"column":null}}]},"8":{"loc":{"start":{"line":64,"column":8},"end":{"line":66,"column":null}},"type":"if","locations":[{"start":{"line":64,"column":8},"end":{"line":66,"column":null}},{"start":{"line":64,"column":8},"end":{"line":66,"column":null}}]},"9":{"loc":{"start":{"line":70,"column":8},"end":{"line":72,"column":null}},"type":"if","locations":[{"start":{"line":70,"column":8},"end":{"line":72,"column":null}},{"start":{"line":70,"column":8},"end":{"line":72,"column":null}}]},"10":{"loc":{"start":{"line":70,"column":12},"end":{"line":70,"column":27}},"type":"binary-expr","locations":[{"start":{"line":70,"column":12},"end":{"line":70,"column":27}},{"start":{"line":70,"column":31},"end":{"line":70,"column":61}}]},"11":{"loc":{"start":{"line":74,"column":8},"end":{"line":74,"column":23}},"type":"binary-expr","locations":[{"start":{"line":74,"column":8},"end":{"line":74,"column":23}},{"start":{"line":74,"column":27},"end":{"line":74,"column":44}}]},"12":{"loc":{"start":{"line":80,"column":8},"end":{"line":82,"column":null}},"type":"if","locations":[{"start":{"line":80,"column":8},"end":{"line":82,"column":null}},{"start":{"line":80,"column":8},"end":{"line":82,"column":null}}]},"13":{"loc":{"start":{"line":86,"column":8},"end":{"line":88,"column":null}},"type":"if","locations":[{"start":{"line":86,"column":8},"end":{"line":88,"column":null}},{"start":{"line":86,"column":8},"end":{"line":88,"column":null}}]},"14":{"loc":{"start":{"line":92,"column":8},"end":{"line":94,"column":null}},"type":"if","locations":[{"start":{"line":92,"column":8},"end":{"line":94,"column":null}},{"start":{"line":92,"column":8},"end":{"line":94,"column":null}}]},"15":{"loc":{"start":{"line":99,"column":8},"end":{"line":101,"column":null}},"type":"if","locations":[{"start":{"line":99,"column":8},"end":{"line":101,"column":null}},{"start":{"line":99,"column":8},"end":{"line":101,"column":null}}]}},"s":{"0":1,"1":1,"2":1,"3":7,"4":6,"5":7,"6":7,"7":7,"8":7,"9":7,"10":7,"11":23,"12":23,"13":23,"14":23,"15":21,"16":23,"17":2,"18":21,"19":23,"20":23,"21":23,"22":1,"23":1,"24":0,"25":1,"26":1,"27":1,"28":4,"29":1,"30":3,"31":1,"32":3,"33":1,"34":23,"35":7,"36":23,"37":23,"38":0,"39":0,"40":23,"41":23,"42":19,"43":23,"44":1,"45":1,"46":0,"47":1,"48":1,"49":1,"50":1,"51":1,"52":1,"53":1,"54":1,"55":1,"56":1,"57":1,"58":1,"59":1,"60":1,"61":1,"62":1,"63":1,"64":19,"65":19,"66":1,"67":19,"68":1,"69":1},"f":{"0":8,"1":0,"2":7,"3":1,"4":4,"5":3,"6":3,"7":23,"8":1,"9":1,"10":1,"11":1,"12":19},"b":{"0":[6,1],"1":[21,2],"2":[2,21],"3":[23,8],"4":[0,1],"5":[1,0],"6":[7,16],"7":[0,23],"8":[19,4],"9":[0,1],"10":[1,1],"11":[1,1],"12":[1,0],"13":[1,0],"14":[1,0],"15":[1,18]}}
,"E:\\NodeLearnSpace\\monorepo-learn\\packages\\obj-pool\\src\\index.ts": {"path":"E:\\NodeLearnSpace\\monorepo-learn\\packages\\obj-pool\\src\\index.ts","statementMap":{"0":{"start":{"line":1,"column":0},"end":{"line":1,"column":27}},"1":{"start":{"line":2,"column":0},"end":{"line":2,"column":31}},"2":{"start":{"line":3,"column":0},"end":{"line":3,"column":38}}},"fnMap":{},"branchMap":{},"s":{"0":2,"1":2,"2":2},"f":{},"b":{}}
,"E:\\NodeLearnSpace\\monorepo-learn\\packages\\obj-pool\\src\\obj-pool-mgr.ts": {"path":"E:\\NodeLearnSpace\\monorepo-learn\\packages\\obj-pool\\src\\obj-pool-mgr.ts","statementMap":{"0":{"start":{"line":1,"column":0},"end":{"line":1,"column":41}},"1":{"start":{"line":2,"column":16},"end":{"line":6,"column":2}},"2":{"start":{"line":7,"column":0},"end":{"line":7,"column":13}},"3":{"start":{"line":9,"column":12},"end":{"line":9,"column":80}},"4":{"start":{"line":10,"column":11},"end":{"line":15,"column":null}},"5":{"start":{"line":11,"column":21},"end":{"line":11,"column":40}},"6":{"start":{"line":12,"column":8},"end":{"line":14,"column":null}},"7":{"start":{"line":13,"column":12},"end":{"line":13,"column":43}},"8":{"start":{"line":16,"column":11},"end":{"line":28,"column":null}},"9":{"start":{"line":17,"column":8},"end":{"line":20,"column":null}},"10":{"start":{"line":18,"column":12},"end":{"line":18,"column":52}},"11":{"start":{"line":19,"column":12},"end":{"line":19,"column":19}},"12":{"start":{"line":21,"column":8},"end":{"line":27,"column":null}},"13":{"start":{"line":22,"column":25},"end":{"line":22,"column":42}},"14":{"start":{"line":23,"column":12},"end":{"line":23,"column":50}},"15":{"start":{"line":24,"column":12},"end":{"line":24,"column":39}},"16":{"start":{"line":26,"column":12},"end":{"line":26,"column":47}},"17":{"start":{"line":29,"column":11},"end":{"line":41,"column":null}},"18":{"start":{"line":30,"column":8},"end":{"line":33,"column":null}},"19":{"start":{"line":31,"column":12},"end":{"line":31,"column":52}},"20":{"start":{"line":32,"column":12},"end":{"line":32,"column":19}},"21":{"start":{"line":34,"column":8},"end":{"line":40,"column":null}},"22":{"start":{"line":35,"column":25},"end":{"line":35,"column":42}},"23":{"start":{"line":36,"column":12},"end":{"line":36,"column":56}},"24":{"start":{"line":37,"column":12},"end":{"line":37,"column":39}},"25":{"start":{"line":39,"column":12},"end":{"line":39,"column":47}},"26":{"start":{"line":42,"column":11},"end":{"line":44,"column":null}},"27":{"start":{"line":43,"column":8},"end":{"line":43,"column":37}},"28":{"start":{"line":45,"column":11},"end":{"line":47,"column":null}},"29":{"start":{"line":46,"column":8},"end":{"line":46,"column":42}},"30":{"start":{"line":48,"column":11},"end":{"line":53,"column":null}},"31":{"start":{"line":49,"column":21},"end":{"line":49,"column":40}},"32":{"start":{"line":50,"column":8},"end":{"line":52,"column":null}},"33":{"start":{"line":51,"column":12},"end":{"line":51,"column":25}},"34":{"start":{"line":54,"column":11},"end":{"line":63,"column":null}},"35":{"start":{"line":55,"column":24},"end":{"line":55,"column":37}},"36":{"start":{"line":56,"column":21},"end":{"line":56,"column":34}},"37":{"start":{"line":57,"column":8},"end":{"line":62,"column":null}},"38":{"start":{"line":58,"column":12},"end":{"line":58,"column":25}},"39":{"start":{"line":59,"column":12},"end":{"line":59,"column":38}},"40":{"start":{"line":61,"column":12},"end":{"line":61,"column":54}},"41":{"start":{"line":64,"column":11},"end":{"line":71,"column":null}},"42":{"start":{"line":65,"column":21},"end":{"line":65,"column":40}},"43":{"start":{"line":66,"column":8},"end":{"line":70,"column":null}},"44":{"start":{"line":67,"column":12},"end":{"line":67,"column":43}},"45":{"start":{"line":69,"column":12},"end":{"line":69,"column":54}},"46":{"start":{"line":72,"column":11},"end":{"line":78,"column":null}},"47":{"start":{"line":76,"column":21},"end":{"line":76,"column":40}},"48":{"start":{"line":77,"column":8},"end":{"line":77,"column":54}},"49":{"start":{"line":79,"column":11},"end":{"line":85,"column":null}},"50":{"start":{"line":83,"column":21},"end":{"line":83,"column":40}},"51":{"start":{"line":84,"column":8},"end":{"line":84,"column":70}},"52":{"start":{"line":86,"column":11},"end":{"line":90,"column":null}},"53":{"start":{"line":87,"column":21},"end":{"line":87,"column":40}},"54":{"start":{"line":89,"column":8},"end":{"line":89,"column":55}},"55":{"start":{"line":92,"column":11},"end":{"line":98,"column":null}},"56":{"start":{"line":93,"column":21},"end":{"line":93,"column":66}},"57":{"start":{"line":94,"column":8},"end":{"line":97,"column":null}},"58":{"start":{"line":96,"column":12},"end":{"line":96,"column":27}},"59":{"start":{"line":99,"column":11},"end":{"line":104,"column":null}},"60":{"start":{"line":100,"column":21},"end":{"line":100,"column":40}},"61":{"start":{"line":101,"column":8},"end":{"line":103,"column":null}},"62":{"start":{"line":102,"column":12},"end":{"line":102,"column":27}},"63":{"start":{"line":105,"column":11},"end":{"line":111,"column":null}},"64":{"start":{"line":106,"column":21},"end":{"line":106,"column":66}},"65":{"start":{"line":107,"column":8},"end":{"line":110,"column":null}},"66":{"start":{"line":109,"column":12},"end":{"line":109,"column":27}},"67":{"start":{"line":115,"column":12},"end":{"line":129,"column":null}},"68":{"start":{"line":115,"column":30},"end":{"line":115,"column":null}},"69":{"start":{"line":116,"column":23},"end":{"line":116,"column":33}},"70":{"start":{"line":117,"column":8},"end":{"line":128,"column":null}},"71":{"start":{"line":119,"column":16},"end":{"line":119,"column":42}},"72":{"start":{"line":120,"column":16},"end":{"line":120,"column":22}},"73":{"start":{"line":122,"column":16},"end":{"line":122,"column":43}},"74":{"start":{"line":124,"column":16},"end":{"line":124,"column":44}},"75":{"start":{"line":126,"column":16},"end":{"line":126,"column":42}},"76":{"start":{"line":127,"column":16},"end":{"line":127,"column":22}},"77":{"start":{"line":131,"column":0},"end":{"line":131,"column":null}},"78":{"start":{"line":7,"column":13},"end":{"line":7,"column":23}}},"fnMap":{"0":{"name":"(anonymous_0)","decl":{"start":{"line":7,"column":0},"end":{"line":7,"column":13}},"loc":{"start":{"line":7,"column":0},"end":{"line":131,"column":null}}},"1":{"name":"(anonymous_2)","decl":{"start":{"line":10,"column":4},"end":{"line":10,"column":11}},"loc":{"start":{"line":10,"column":113},"end":{"line":15,"column":5}}},"2":{"name":"(anonymous_3)","decl":{"start":{"line":16,"column":4},"end":{"line":16,"column":11}},"loc":{"start":{"line":16,"column":55},"end":{"line":28,"column":5}}},"3":{"name":"(anonymous_4)","decl":{"start":{"line":29,"column":4},"end":{"line":29,"column":11}},"loc":{"start":{"line":29,"column":74},"end":{"line":41,"column":5}}},"4":{"name":"(anonymous_5)","decl":{"start":{"line":42,"column":4},"end":{"line":42,"column":11}},"loc":{"start":{"line":42,"column":39},"end":{"line":44,"column":5}}},"5":{"name":"(anonymous_6)","decl":{"start":{"line":45,"column":4},"end":{"line":45,"column":11}},"loc":{"start":{"line":45,"column":48},"end":{"line":47,"column":5}}},"6":{"name":"(anonymous_7)","decl":{"start":{"line":48,"column":4},"end":{"line":48,"column":11}},"loc":{"start":{"line":48,"column":41},"end":{"line":53,"column":5}}},"7":{"name":"(anonymous_8)","decl":{"start":{"line":54,"column":4},"end":{"line":54,"column":11}},"loc":{"start":{"line":54,"column":43},"end":{"line":63,"column":5}}},"8":{"name":"(anonymous_9)","decl":{"start":{"line":64,"column":4},"end":{"line":64,"column":11}},"loc":{"start":{"line":64,"column":65},"end":{"line":71,"column":5}}},"9":{"name":"(anonymous_10)","decl":{"start":{"line":72,"column":4},"end":{"line":72,"column":11}},"loc":{"start":{"line":74,"column":76},"end":{"line":78,"column":5}}},"10":{"name":"(anonymous_11)","decl":{"start":{"line":79,"column":4},"end":{"line":79,"column":11}},"loc":{"start":{"line":82,"column":20},"end":{"line":85,"column":5}}},"11":{"name":"(anonymous_12)","decl":{"start":{"line":86,"column":4},"end":{"line":86,"column":11}},"loc":{"start":{"line":86,"column":73},"end":{"line":90,"column":5}}},"12":{"name":"(anonymous_13)","decl":{"start":{"line":92,"column":4},"end":{"line":92,"column":11}},"loc":{"start":{"line":92,"column":33},"end":{"line":98,"column":5}}},"13":{"name":"(anonymous_14)","decl":{"start":{"line":99,"column":4},"end":{"line":99,"column":11}},"loc":{"start":{"line":99,"column":39},"end":{"line":104,"column":5}}},"14":{"name":"(anonymous_15)","decl":{"start":{"line":105,"column":4},"end":{"line":105,"column":11}},"loc":{"start":{"line":105,"column":33},"end":{"line":111,"column":5}}},"15":{"name":"(anonymous_16)","decl":{"start":{"line":115,"column":4},"end":{"line":115,"column":12}},"loc":{"start":{"line":115,"column":47},"end":{"line":129,"column":5}}}},"branchMap":{"0":{"loc":{"start":{"line":12,"column":8},"end":{"line":14,"column":null}},"type":"if","locations":[{"start":{"line":12,"column":8},"end":{"line":14,"column":null}},{"start":{"line":12,"column":8},"end":{"line":14,"column":null}}]},"1":{"loc":{"start":{"line":17,"column":8},"end":{"line":20,"column":null}},"type":"if","locations":[{"start":{"line":17,"column":8},"end":{"line":20,"column":null}},{"start":{"line":17,"column":8},"end":{"line":20,"column":null}}]},"2":{"loc":{"start":{"line":21,"column":8},"end":{"line":27,"column":null}},"type":"if","locations":[{"start":{"line":21,"column":8},"end":{"line":27,"column":null}},{"start":{"line":21,"column":8},"end":{"line":27,"column":null}}]},"3":{"loc":{"start":{"line":21,"column":12},"end":{"line":21,"column":16}},"type":"binary-expr","locations":[{"start":{"line":21,"column":12},"end":{"line":21,"column":16}},{"start":{"line":21,"column":21},"end":{"line":21,"column":50}}]},"4":{"loc":{"start":{"line":30,"column":8},"end":{"line":33,"column":null}},"type":"if","locations":[{"start":{"line":30,"column":8},"end":{"line":33,"column":null}},{"start":{"line":30,"column":8},"end":{"line":33,"column":null}}]},"5":{"loc":{"start":{"line":34,"column":8},"end":{"line":40,"column":null}},"type":"if","locations":[{"start":{"line":34,"column":8},"end":{"line":40,"column":null}},{"start":{"line":34,"column":8},"end":{"line":40,"column":null}}]},"6":{"loc":{"start":{"line":34,"column":12},"end":{"line":34,"column":16}},"type":"binary-expr","locations":[{"start":{"line":34,"column":12},"end":{"line":34,"column":16}},{"start":{"line":34,"column":21},"end":{"line":34,"column":50}}]},"7":{"loc":{"start":{"line":50,"column":8},"end":{"line":52,"column":null}},"type":"if","locations":[{"start":{"line":50,"column":8},"end":{"line":52,"column":null}},{"start":{"line":50,"column":8},"end":{"line":52,"column":null}}]},"8":{"loc":{"start":{"line":57,"column":8},"end":{"line":62,"column":null}},"type":"if","locations":[{"start":{"line":57,"column":8},"end":{"line":62,"column":null}},{"start":{"line":57,"column":8},"end":{"line":62,"column":null}}]},"9":{"loc":{"start":{"line":66,"column":8},"end":{"line":70,"column":null}},"type":"if","locations":[{"start":{"line":66,"column":8},"end":{"line":70,"column":null}},{"start":{"line":66,"column":8},"end":{"line":70,"column":null}}]},"10":{"loc":{"start":{"line":77,"column":22},"end":{"line":77,"column":41}},"type":"cond-expr","locations":[{"start":{"line":77,"column":22},"end":{"line":77,"column":41}},{"start":{"line":77,"column":44},"end":{"line":77,"column":53}}]},"11":{"loc":{"start":{"line":84,"column":22},"end":{"line":84,"column":57}},"type":"cond-expr","locations":[{"start":{"line":84,"column":22},"end":{"line":84,"column":57}},{"start":{"line":84,"column":60},"end":{"line":84,"column":69}}]},"12":{"loc":{"start":{"line":89,"column":22},"end":{"line":89,"column":42}},"type":"cond-expr","locations":[{"start":{"line":89,"column":22},"end":{"line":89,"column":42}},{"start":{"line":89,"column":45},"end":{"line":89,"column":54}}]},"13":{"loc":{"start":{"line":94,"column":8},"end":{"line":97,"column":null}},"type":"if","locations":[{"start":{"line":94,"column":8},"end":{"line":97,"column":null}},{"start":{"line":94,"column":8},"end":{"line":97,"column":null}}]},"14":{"loc":{"start":{"line":101,"column":8},"end":{"line":103,"column":null}},"type":"if","locations":[{"start":{"line":101,"column":8},"end":{"line":103,"column":null}},{"start":{"line":101,"column":8},"end":{"line":103,"column":null}}]},"15":{"loc":{"start":{"line":107,"column":8},"end":{"line":110,"column":null}},"type":"if","locations":[{"start":{"line":107,"column":8},"end":{"line":110,"column":null}},{"start":{"line":107,"column":8},"end":{"line":110,"column":null}}]},"16":{"loc":{"start":{"line":115,"column":30},"end":{"line":115,"column":null}},"type":"if","locations":[{"start":{"line":115,"column":30},"end":{"line":115,"column":null}},{"start":{"line":115,"column":30},"end":{"line":115,"column":null}}]},"17":{"loc":{"start":{"line":118,"column":12},"end":{"line":120,"column":22}},"type":"switch","locations":[{"start":{"line":118,"column":12},"end":{"line":120,"column":22}},{"start":{"line":121,"column":12},"end":{"line":122,"column":43}},{"start":{"line":123,"column":12},"end":{"line":124,"column":44}},{"start":{"line":125,"column":12},"end":{"line":127,"column":22}}]}},"s":{"0":2,"1":2,"2":2,"3":3,"4":2,"5":1,"6":1,"7":1,"8":2,"9":2,"10":0,"11":0,"12":2,"13":2,"14":2,"15":2,"16":0,"17":2,"18":3,"19":0,"20":0,"21":3,"22":3,"23":3,"24":3,"25":0,"26":2,"27":5,"28":2,"29":8,"30":2,"31":1,"32":1,"33":1,"34":2,"35":1,"36":1,"37":1,"38":1,"39":1,"40":0,"41":2,"42":1,"43":1,"44":1,"45":0,"46":2,"47":3,"48":3,"49":2,"50":1,"51":1,"52":2,"53":4,"54":4,"55":2,"56":1,"57":1,"58":1,"59":2,"60":1,"61":1,"62":1,"63":2,"64":1,"65":1,"66":1,"67":2,"68":0,"69":0,"70":0,"71":0,"72":0,"73":0,"74":0,"75":0,"76":0,"77":2,"78":2},"f":{"0":5,"1":1,"2":2,"3":3,"4":5,"5":8,"6":1,"7":1,"8":1,"9":3,"10":1,"11":4,"12":1,"13":1,"14":1,"15":0},"b":{"0":[1,0],"1":[0,2],"2":[2,0],"3":[2,2],"4":[0,3],"5":[3,0],"6":[3,3],"7":[1,0],"8":[1,0],"9":[1,0],"10":[3,0],"11":[1,0],"12":[4,0],"13":[1,0],"14":[1,0],"15":[1,0],"16":[0,0],"17":[0,0,0,0]}}
,"E:\\NodeLearnSpace\\monorepo-learn\\packages\\obj-pool\\src\\obj-pool.ts": {"path":"E:\\NodeLearnSpace\\monorepo-learn\\packages\\obj-pool\\src\\obj-pool.ts","statementMap":{"0":{"start":{"line":1,"column":0},"end":{"line":1,"column":13}},"1":{"start":{"line":5,"column":4},"end":{"line":7,"column":null}},"2":{"start":{"line":6,"column":8},"end":{"line":6,"column":30}},"3":{"start":{"line":9,"column":4},"end":{"line":11,"column":null}},"4":{"start":{"line":10,"column":8},"end":{"line":10,"column":26}},"5":{"start":{"line":14,"column":4},"end":{"line":17,"column":null}},"6":{"start":{"line":15,"column":25},"end":{"line":15,"column":39}},"7":{"start":{"line":16,"column":8},"end":{"line":16,"column":46}},"8":{"start":{"line":18,"column":4},"end":{"line":20,"column":null}},"9":{"start":{"line":19,"column":8},"end":{"line":19,"column":60}},"10":{"start":{"line":21,"column":11},"end":{"line":32,"column":null}},"11":{"start":{"line":22,"column":8},"end":{"line":29,"column":null}},"12":{"start":{"line":23,"column":12},"end":{"line":23,"column":30}},"13":{"start":{"line":24,"column":12},"end":{"line":24,"column":32}},"14":{"start":{"line":25,"column":12},"end":{"line":25,"column":41}},"15":{"start":{"line":26,"column":12},"end":{"line":26,"column":42}},"16":{"start":{"line":28,"column":12},"end":{"line":28,"column":31}},"17":{"start":{"line":30,"column":8},"end":{"line":30,"column":20}},"18":{"start":{"line":33,"column":11},"end":{"line":46,"column":null}},"19":{"start":{"line":35,"column":8},"end":{"line":44,"column":null}},"20":{"start":{"line":36,"column":12},"end":{"line":36,"column":30}},"21":{"start":{"line":37,"column":12},"end":{"line":37,"column":32}},"22":{"start":{"line":38,"column":12},"end":{"line":38,"column":41}},"23":{"start":{"line":39,"column":12},"end":{"line":41,"column":14}},"24":{"start":{"line":40,"column":16},"end":{"line":40,"column":34}},"25":{"start":{"line":43,"column":12},"end":{"line":43,"column":31}},"26":{"start":{"line":45,"column":8},"end":{"line":45,"column":20}},"27":{"start":{"line":47,"column":11},"end":{"line":49,"column":null}},"28":{"start":{"line":48,"column":8},"end":{"line":48,"column":38}},"29":{"start":{"line":51,"column":11},"end":{"line":70,"column":null}},"30":{"start":{"line":52,"column":8},"end":{"line":55,"column":null}},"31":{"start":{"line":53,"column":12},"end":{"line":53,"column":31}},"32":{"start":{"line":54,"column":12},"end":{"line":54,"column":19}},"33":{"start":{"line":56,"column":25},"end":{"line":56,"column":39}},"34":{"start":{"line":58,"column":24},"end":{"line":58,"column":40}},"35":{"start":{"line":59,"column":8},"end":{"line":69,"column":null}},"36":{"start":{"line":59,"column":21},"end":{"line":59,"column":22}},"37":{"start":{"line":60,"column":12},"end":{"line":60,"column":37}},"38":{"start":{"line":61,"column":12},"end":{"line":65,"column":null}},"39":{"start":{"line":62,"column":16},"end":{"line":62,"column":35}},"40":{"start":{"line":63,"column":19},"end":{"line":65,"column":null}},"41":{"start":{"line":64,"column":16},"end":{"line":64,"column":38}},"42":{"start":{"line":66,"column":12},"end":{"line":66,"column":38}},"43":{"start":{"line":67,"column":12},"end":{"line":67,"column":32}},"44":{"start":{"line":68,"column":12},"end":{"line":68,"column":31}},"45":{"start":{"line":71,"column":11},"end":{"line":83,"column":null}},"46":{"start":{"line":72,"column":25},"end":{"line":72,"column":38}},"47":{"start":{"line":73,"column":8},"end":{"line":80,"column":null}},"48":{"start":{"line":74,"column":23},"end":{"line":74,"column":37}},"49":{"start":{"line":75,"column":12},"end":{"line":78,"column":null}},"50":{"start":{"line":75,"column":25},"end":{"line":75,"column":26}},"51":{"start":{"line":76,"column":16},"end":{"line":76,"column":38}},"52":{"start":{"line":77,"column":16},"end":{"line":77,"column":42}},"53":{"start":{"line":79,"column":12},"end":{"line":79,"column":32}},"54":{"start":{"line":84,"column":11},"end":{"line":100,"column":null}},"55":{"start":{"line":85,"column":8},"end":{"line":93,"column":null}},"56":{"start":{"line":86,"column":28},"end":{"line":86,"column":44}},"57":{"start":{"line":87,"column":12},"end":{"line":91,"column":null}},"58":{"start":{"line":88,"column":16},"end":{"line":88,"column":29}},"59":{"start":{"line":89,"column":19},"end":{"line":91,"column":null}},"60":{"start":{"line":90,"column":16},"end":{"line":90,"column":36}},"61":{"start":{"line":92,"column":12},"end":{"line":92,"column":41}},"62":{"start":{"line":94,"column":24},"end":{"line":94,"column":40}},"63":{"start":{"line":95,"column":8},"end":{"line":99,"column":null}},"64":{"start":{"line":96,"column":12},"end":{"line":96,"column":25}},"65":{"start":{"line":97,"column":15},"end":{"line":99,"column":null}},"66":{"start":{"line":98,"column":12},"end":{"line":98,"column":32}},"67":{"start":{"line":101,"column":11},"end":{"line":119,"column":null}},"68":{"start":{"line":102,"column":8},"end":{"line":105,"column":null}},"69":{"start":{"line":103,"column":12},"end":{"line":103,"column":31}},"70":{"start":{"line":104,"column":12},"end":{"line":104,"column":19}},"71":{"start":{"line":106,"column":8},"end":{"line":118,"column":null}},"72":{"start":{"line":107,"column":28},"end":{"line":107,"column":44}},"73":{"start":{"line":109,"column":12},"end":{"line":113,"column":null}},"74":{"start":{"line":110,"column":16},"end":{"line":110,"column":29}},"75":{"start":{"line":111,"column":19},"end":{"line":113,"column":null}},"76":{"start":{"line":112,"column":16},"end":{"line":112,"column":36}},"77":{"start":{"line":114,"column":12},"end":{"line":114,"column":37}},"78":{"start":{"line":115,"column":12},"end":{"line":115,"column":41}},"79":{"start":{"line":117,"column":12},"end":{"line":117,"column":63}},"80":{"start":{"line":120,"column":11},"end":{"line":125,"column":null}},"81":{"start":{"line":120,"column":4},"end":{"line":120,"column":11}},"82":{"start":{"line":121,"column":8},"end":{"line":123,"column":11}},"83":{"start":{"line":122,"column":12},"end":{"line":122,"column":36}},"84":{"start":{"line":124,"column":8},"end":{"line":124,"column":33}},"85":{"start":{"line":126,"column":11},"end":{"line":149,"column":null}},"86":{"start":{"line":127,"column":8},"end":{"line":130,"column":null}},"87":{"start":{"line":128,"column":12},"end":{"line":128,"column":31}},"88":{"start":{"line":129,"column":12},"end":{"line":129,"column":19}},"89":{"start":{"line":133,"column":8},"end":{"line":139,"column":null}},"90":{"start":{"line":134,"column":12},"end":{"line":134,"column":39}},"91":{"start":{"line":136,"column":12},"end":{"line":136,"column":37}},"92":{"start":{"line":137,"column":12},"end":{"line":137,"column":47}},"93":{"start":{"line":138,"column":12},"end":{"line":138,"column":38}},"94":{"start":{"line":140,"column":8},"end":{"line":140,"column":39}},"95":{"start":{"line":141,"column":8},"end":{"line":141,"column":29}},"96":{"start":{"line":142,"column":24},"end":{"line":142,"column":40}},"97":{"start":{"line":143,"column":8},"end":{"line":147,"column":null}},"98":{"start":{"line":144,"column":12},"end":{"line":144,"column":33}},"99":{"start":{"line":145,"column":15},"end":{"line":147,"column":null}},"100":{"start":{"line":146,"column":12},"end":{"line":146,"column":42}},"101":{"start":{"line":148,"column":8},"end":{"line":148,"column":24}},"102":{"start":{"line":150,"column":11},"end":{"line":160,"column":null}},"103":{"start":{"line":150,"column":46},"end":{"line":150,"column":null}},"104":{"start":{"line":151,"column":21},"end":{"line":151,"column":23}},"105":{"start":{"line":152,"column":8},"end":{"line":158,"column":null}},"106":{"start":{"line":153,"column":12},"end":{"line":155,"column":null}},"107":{"start":{"line":153,"column":25},"end":{"line":153,"column":26}},"108":{"start":{"line":154,"column":16},"end":{"line":154,"column":47}},"109":{"start":{"line":157,"column":12},"end":{"line":157,"column":43}},"110":{"start":{"line":159,"column":8},"end":{"line":159,"column":27}},"111":{"start":{"line":161,"column":12},"end":{"line":163,"column":null}},"112":{"start":{"line":162,"column":8},"end":{"line":162,"column":46}},"113":{"start":{"line":164,"column":12},"end":{"line":166,"column":null}},"114":{"start":{"line":165,"column":8},"end":{"line":165,"column":34}},"115":{"start":{"line":167,"column":0},"end":{"line":167,"column":null}},"116":{"start":{"line":1,"column":13},"end":{"line":1,"column":24}}},"fnMap":{"0":{"name":"(anonymous_0)","decl":{"start":{"line":1,"column":0},"end":{"line":1,"column":13}},"loc":{"start":{"line":1,"column":0},"end":{"line":167,"column":null}}},"1":{"name":"(anonymous_2)","decl":{"start":{"line":5,"column":4},"end":{"line":5,"column":15}},"loc":{"start":{"line":5,"column":4},"end":{"line":7,"column":5}}},"2":{"name":"(anonymous_3)","decl":{"start":{"line":9,"column":4},"end":{"line":9,"column":15}},"loc":{"start":{"line":9,"column":4},"end":{"line":11,"column":5}}},"3":{"name":"(anonymous_4)","decl":{"start":{"line":14,"column":4},"end":{"line":14,"column":15}},"loc":{"start":{"line":14,"column":4},"end":{"line":17,"column":5}}},"4":{"name":"(anonymous_5)","decl":{"start":{"line":18,"column":4},"end":{"line":18,"column":15}},"loc":{"start":{"line":18,"column":4},"end":{"line":20,"column":5}}},"5":{"name":"(anonymous_6)","decl":{"start":{"line":21,"column":4},"end":{"line":21,"column":11}},"loc":{"start":{"line":21,"column":55},"end":{"line":32,"column":5}}},"6":{"name":"(anonymous_7)","decl":{"start":{"line":33,"column":4},"end":{"line":33,"column":11}},"loc":{"start":{"line":34,"column":29},"end":{"line":46,"column":5}}},"7":{"name":"(anonymous_8)","decl":{"start":{"line":39,"column":31},"end":{"line":39,"column":null}},"loc":{"start":{"line":39,"column":31},"end":{"line":41,"column":13}}},"8":{"name":"(anonymous_9)","decl":{"start":{"line":47,"column":4},"end":{"line":47,"column":11}},"loc":{"start":{"line":47,"column":71},"end":{"line":49,"column":5}}},"9":{"name":"(anonymous_10)","decl":{"start":{"line":51,"column":4},"end":{"line":51,"column":11}},"loc":{"start":{"line":51,"column":32},"end":{"line":70,"column":5}}},"10":{"name":"(anonymous_11)","decl":{"start":{"line":71,"column":4},"end":{"line":71,"column":11}},"loc":{"start":{"line":71,"column":4},"end":{"line":83,"column":5}}},"11":{"name":"(anonymous_12)","decl":{"start":{"line":84,"column":4},"end":{"line":84,"column":11}},"loc":{"start":{"line":84,"column":53},"end":{"line":100,"column":5}}},"12":{"name":"(anonymous_13)","decl":{"start":{"line":101,"column":4},"end":{"line":101,"column":11}},"loc":{"start":{"line":101,"column":53},"end":{"line":119,"column":5}}},"13":{"name":"(anonymous_14)","decl":{"start":{"line":120,"column":4},"end":{"line":120,"column":11}},"loc":{"start":{"line":120,"column":4},"end":{"line":125,"column":5}}},"14":{"name":"(anonymous_15)","decl":{"start":{"line":121,"column":33},"end":{"line":121,"column":34}},"loc":{"start":{"line":121,"column":39},"end":{"line":123,"column":9}}},"15":{"name":"(anonymous_16)","decl":{"start":{"line":126,"column":4},"end":{"line":126,"column":11}},"loc":{"start":{"line":126,"column":40},"end":{"line":149,"column":5}}},"16":{"name":"(anonymous_17)","decl":{"start":{"line":150,"column":4},"end":{"line":150,"column":11}},"loc":{"start":{"line":150,"column":61},"end":{"line":160,"column":5}}},"17":{"name":"(anonymous_18)","decl":{"start":{"line":161,"column":4},"end":{"line":161,"column":12}},"loc":{"start":{"line":161,"column":4},"end":{"line":163,"column":5}}},"18":{"name":"(anonymous_19)","decl":{"start":{"line":164,"column":4},"end":{"line":164,"column":12}},"loc":{"start":{"line":164,"column":4},"end":{"line":166,"column":5}}}},"branchMap":{"0":{"loc":{"start":{"line":16,"column":26},"end":{"line":16,"column":41}},"type":"cond-expr","locations":[{"start":{"line":16,"column":26},"end":{"line":16,"column":41}},{"start":{"line":16,"column":44},"end":{"line":16,"column":45}}]},"1":{"loc":{"start":{"line":19,"column":34},"end":{"line":19,"column":55}},"type":"cond-expr","locations":[{"start":{"line":19,"column":34},"end":{"line":19,"column":55}},{"start":{"line":19,"column":58},"end":{"line":19,"column":59}}]},"2":{"loc":{"start":{"line":22,"column":8},"end":{"line":29,"column":null}},"type":"if","locations":[{"start":{"line":22,"column":8},"end":{"line":29,"column":null}},{"start":{"line":22,"column":8},"end":{"line":29,"column":null}}]},"3":{"loc":{"start":{"line":35,"column":8},"end":{"line":44,"column":null}},"type":"if","locations":[{"start":{"line":35,"column":8},"end":{"line":44,"column":null}},{"start":{"line":35,"column":8},"end":{"line":44,"column":null}}]},"4":{"loc":{"start":{"line":52,"column":8},"end":{"line":55,"column":null}},"type":"if","locations":[{"start":{"line":52,"column":8},"end":{"line":55,"column":null}},{"start":{"line":52,"column":8},"end":{"line":55,"column":null}}]},"5":{"loc":{"start":{"line":61,"column":12},"end":{"line":65,"column":null}},"type":"if","locations":[{"start":{"line":61,"column":12},"end":{"line":65,"column":null}},{"start":{"line":61,"column":12},"end":{"line":65,"column":null}}]},"6":{"loc":{"start":{"line":61,"column":16},"end":{"line":61,"column":19}},"type":"binary-expr","locations":[{"start":{"line":61,"column":16},"end":{"line":61,"column":19}},{"start":{"line":61,"column":23},"end":{"line":61,"column":35}}]},"7":{"loc":{"start":{"line":63,"column":19},"end":{"line":65,"column":null}},"type":"if","locations":[{"start":{"line":63,"column":19},"end":{"line":65,"column":null}},{"start":{"line":63,"column":19},"end":{"line":65,"column":null}}]},"8":{"loc":{"start":{"line":63,"column":23},"end":{"line":63,"column":30}},"type":"binary-expr","locations":[{"start":{"line":63,"column":23},"end":{"line":63,"column":30}},{"start":{"line":63,"column":34},"end":{"line":63,"column":50}}]},"9":{"loc":{"start":{"line":73,"column":8},"end":{"line":80,"column":null}},"type":"if","locations":[{"start":{"line":73,"column":8},"end":{"line":80,"column":null}},{"start":{"line":73,"column":8},"end":{"line":80,"column":null}}]},"10":{"loc":{"start":{"line":85,"column":8},"end":{"line":93,"column":null}},"type":"if","locations":[{"start":{"line":85,"column":8},"end":{"line":93,"column":null}},{"start":{"line":85,"column":8},"end":{"line":93,"column":null}}]},"11":{"loc":{"start":{"line":87,"column":12},"end":{"line":91,"column":null}},"type":"if","locations":[{"start":{"line":87,"column":12},"end":{"line":91,"column":null}},{"start":{"line":87,"column":12},"end":{"line":91,"column":null}}]},"12":{"loc":{"start":{"line":89,"column":19},"end":{"line":91,"column":null}},"type":"if","locations":[{"start":{"line":89,"column":19},"end":{"line":91,"column":null}},{"start":{"line":89,"column":19},"end":{"line":91,"column":null}}]},"13":{"loc":{"start":{"line":89,"column":23},"end":{"line":89,"column":30}},"type":"binary-expr","locations":[{"start":{"line":89,"column":23},"end":{"line":89,"column":30}},{"start":{"line":89,"column":34},"end":{"line":89,"column":48}}]},"14":{"loc":{"start":{"line":95,"column":8},"end":{"line":99,"column":null}},"type":"if","locations":[{"start":{"line":95,"column":8},"end":{"line":99,"column":null}},{"start":{"line":95,"column":8},"end":{"line":99,"column":null}}]},"15":{"loc":{"start":{"line":95,"column":12},"end":{"line":95,"column":15}},"type":"binary-expr","locations":[{"start":{"line":95,"column":12},"end":{"line":95,"column":15}},{"start":{"line":95,"column":19},"end":{"line":95,"column":29}}]},"16":{"loc":{"start":{"line":97,"column":15},"end":{"line":99,"column":null}},"type":"if","locations":[{"start":{"line":97,"column":15},"end":{"line":99,"column":null}},{"start":{"line":97,"column":15},"end":{"line":99,"column":null}}]},"17":{"loc":{"start":{"line":97,"column":19},"end":{"line":97,"column":26}},"type":"binary-expr","locations":[{"start":{"line":97,"column":19},"end":{"line":97,"column":26}},{"start":{"line":97,"column":30},"end":{"line":97,"column":44}}]},"18":{"loc":{"start":{"line":102,"column":8},"end":{"line":105,"column":null}},"type":"if","locations":[{"start":{"line":102,"column":8},"end":{"line":105,"column":null}},{"start":{"line":102,"column":8},"end":{"line":105,"column":null}}]},"19":{"loc":{"start":{"line":106,"column":8},"end":{"line":118,"column":null}},"type":"if","locations":[{"start":{"line":106,"column":8},"end":{"line":118,"column":null}},{"start":{"line":106,"column":8},"end":{"line":118,"column":null}}]},"20":{"loc":{"start":{"line":109,"column":12},"end":{"line":113,"column":null}},"type":"if","locations":[{"start":{"line":109,"column":12},"end":{"line":113,"column":null}},{"start":{"line":109,"column":12},"end":{"line":113,"column":null}}]},"21":{"loc":{"start":{"line":111,"column":19},"end":{"line":113,"column":null}},"type":"if","locations":[{"start":{"line":111,"column":19},"end":{"line":113,"column":null}},{"start":{"line":111,"column":19},"end":{"line":113,"column":null}}]},"22":{"loc":{"start":{"line":111,"column":23},"end":{"line":111,"column":30}},"type":"binary-expr","locations":[{"start":{"line":111,"column":23},"end":{"line":111,"column":30}},{"start":{"line":111,"column":34},"end":{"line":111,"column":48}}]},"23":{"loc":{"start":{"line":127,"column":8},"end":{"line":130,"column":null}},"type":"if","locations":[{"start":{"line":127,"column":8},"end":{"line":130,"column":null}},{"start":{"line":127,"column":8},"end":{"line":130,"column":null}}]},"24":{"loc":{"start":{"line":133,"column":8},"end":{"line":139,"column":null}},"type":"if","locations":[{"start":{"line":133,"column":8},"end":{"line":139,"column":null}},{"start":{"line":133,"column":8},"end":{"line":139,"column":null}}]},"25":{"loc":{"start":{"line":137,"column":12},"end":{"line":137,"column":24}},"type":"binary-expr","locations":[{"start":{"line":137,"column":12},"end":{"line":137,"column":24}},{"start":{"line":137,"column":28},"end":{"line":137,"column":46}}]},"26":{"loc":{"start":{"line":143,"column":8},"end":{"line":147,"column":null}},"type":"if","locations":[{"start":{"line":143,"column":8},"end":{"line":147,"column":null}},{"start":{"line":143,"column":8},"end":{"line":147,"column":null}}]},"27":{"loc":{"start":{"line":145,"column":15},"end":{"line":147,"column":null}},"type":"if","locations":[{"start":{"line":145,"column":15},"end":{"line":147,"column":null}},{"start":{"line":145,"column":15},"end":{"line":147,"column":null}}]},"28":{"loc":{"start":{"line":145,"column":19},"end":{"line":145,"column":26}},"type":"binary-expr","locations":[{"start":{"line":145,"column":19},"end":{"line":145,"column":26}},{"start":{"line":145,"column":30},"end":{"line":145,"column":43}}]},"29":{"loc":{"start":{"line":150,"column":46},"end":{"line":150,"column":null}},"type":"if","locations":[{"start":{"line":150,"column":46},"end":{"line":150,"column":null}},{"start":{"line":150,"column":46},"end":{"line":150,"column":null}}]},"30":{"loc":{"start":{"line":152,"column":8},"end":{"line":158,"column":null}},"type":"if","locations":[{"start":{"line":152,"column":8},"end":{"line":158,"column":null}},{"start":{"line":152,"column":8},"end":{"line":158,"column":null}}]},"31":{"loc":{"start":{"line":152,"column":12},"end":{"line":152,"column":23}},"type":"binary-expr","locations":[{"start":{"line":152,"column":12},"end":{"line":152,"column":23}},{"start":{"line":152,"column":27},"end":{"line":152,"column":34}}]}},"s":{"0":2,"1":2,"2":34,"3":2,"4":0,"5":2,"6":0,"7":0,"8":2,"9":6,"10":2,"11":5,"12":5,"13":5,"14":5,"15":5,"16":0,"17":5,"18":2,"19":4,"20":4,"21":4,"22":4,"23":4,"24":15,"25":0,"26":4,"27":2,"28":2,"29":2,"30":5,"31":0,"32":0,"33":5,"34":5,"35":5,"36":5,"37":25,"38":25,"39":15,"40":10,"41":5,"42":25,"43":25,"44":25,"45":2,"46":4,"47":4,"48":4,"49":4,"50":4,"51":17,"52":17,"53":4,"54":2,"55":20,"56":3,"57":3,"58":2,"59":1,"60":1,"61":3,"62":20,"63":20,"64":15,"65":5,"66":5,"67":2,"68":13,"69":0,"70":0,"71":13,"72":13,"73":13,"74":9,"75":4,"76":4,"77":13,"78":13,"79":0,"80":2,"81":3,"82":3,"83":10,"84":3,"85":2,"86":17,"87":0,"88":0,"89":17,"90":11,"91":6,"92":6,"93":6,"94":17,"95":17,"96":17,"97":17,"98":11,"99":6,"100":6,"101":17,"102":2,"103":3,"104":3,"105":3,"106":3,"107":3,"108":12,"109":0,"110":3,"111":2,"112":0,"113":2,"114":0,"115":2,"116":2},"f":{"0":11,"1":34,"2":0,"3":0,"4":6,"5":5,"6":4,"7":15,"8":2,"9":5,"10":4,"11":20,"12":13,"13":3,"14":10,"15":17,"16":3,"17":0,"18":0},"b":{"0":[0,0],"1":[6,0],"2":[5,0],"3":[4,0],"4":[0,5],"5":[15,10],"6":[25,25],"7":[5,5],"8":[10,5],"9":[4,0],"10":[3,17],"11":[2,1],"12":[1,0],"13":[1,1],"14":[15,5],"15":[20,20],"16":[5,0],"17":[5,5],"18":[0,13],"19":[13,0],"20":[9,4],"21":[4,0],"22":[4,4],"23":[0,17],"24":[11,6],"25":[6,5],"26":[11,6],"27":[6,0],"28":[6,6],"29":[0,3],"30":[3,0],"31":[3,3]}}
}
