TN:
SF:E:\NodeLearnSpace\monorepo-learn\packages\core\__tests__\test-bootloaders.ts
FN:1,(anonymous_0)
FN:2,(anonymous_2)
FN:10,(anonymous_3)
FN:11,(anonymous_5)
FN:16,(anonymous_6)
FN:17,(anonymous_8)
FN:18,(anonymous_9)
FN:32,(anonymous_10)
FN:36,(anonymous_12)
FN:40,(anonymous_13)
FN:42,(anonymous_14)
FN:45,(anonymous_15)
FN:50,(anonymous_16)
FN:53,TestModule2
FN:56,(anonymous_18)
FN:60,(anonymous_19)
FN:63,(anonymous_20)
FN:66,(anonymous_21)
FN:69,(anonymous_22)
FNF:19
FNH:15
FNDA:7,(anonymous_0)
FNDA:6,(anonymous_2)
FNDA:2,(anonymous_3)
FNDA:1,(anonymous_5)
FNDA:2,(anonymous_6)
FNDA:1,(anonymous_8)
FNDA:1,(anonymous_9)
FNDA:9,(anonymous_10)
FNDA:4,(anonymous_12)
FNDA:1,(anonymous_13)
FNDA:0,(anonymous_14)
FNDA:0,(anonymous_15)
FNDA:1,(anonymous_16)
FNDA:8,TestModule2
FNDA:5,(anonymous_18)
FNDA:5,(anonymous_19)
FNDA:1,(anonymous_20)
FNDA:0,(anonymous_21)
FNDA:0,(anonymous_22)
DA:1,1
DA:2,1
DA:3,6
DA:4,6
DA:5,6
DA:9,1
DA:10,1
DA:11,1
DA:12,1
DA:13,1
DA:15,1
DA:16,1
DA:17,1
DA:18,1
DA:19,1
DA:20,1
DA:21,1
DA:25,1
DA:32,1
DA:36,1
DA:37,4
DA:38,4
DA:40,1
DA:42,1
DA:43,0
DA:45,1
DA:46,0
DA:49,1
DA:50,1
DA:53,8
DA:56,1
DA:57,5
DA:58,5
DA:60,1
DA:61,5
DA:63,1
DA:64,1
DA:66,1
DA:67,0
DA:69,1
DA:70,0
DA:73,1
LF:42
LH:38
BRDA:5,0,0,6
BRDA:5,0,1,6
BRDA:13,1,0,1
BRDA:13,1,1,1
BRDA:21,2,0,1
BRDA:21,2,1,1
BRF:6
BRH:6
end_of_record
TN:
SF:E:\NodeLearnSpace\monorepo-learn\packages\core\src\egf-app.ts
FN:1,(anonymous_13)
FN:9,(anonymous_15)
FN:12,(anonymous_16)
FN:15,(anonymous_17)
FN:25,(anonymous_21)
FN:26,(anonymous_22)
FN:48,(anonymous_23)
FN:62,(anonymous_24)
FN:88,(anonymous_25)
FN:91,(anonymous_26)
FN:100,(anonymous_27)
FN:104,(anonymous_28)
FN:112,(anonymous_29)
FNF:13
FNH:12
FNDA:8,(anonymous_13)
FNDA:7,(anonymous_15)
FNDA:3,(anonymous_16)
FNDA:7,(anonymous_17)
FNDA:8,(anonymous_21)
FNDA:8,(anonymous_22)
FNDA:4,(anonymous_23)
FNDA:17,(anonymous_24)
FNDA:0,(anonymous_25)
FNDA:1,(anonymous_26)
FNDA:17,(anonymous_27)
FNDA:19,(anonymous_28)
FNDA:1,(anonymous_29)
DA:1,1
DA:2,1
DA:3,1
DA:4,1
DA:5,1
DA:6,1
DA:7,7
DA:8,7
DA:9,1
DA:10,7
DA:12,1
DA:13,3
DA:15,1
DA:16,7
DA:17,7
DA:18,0
DA:19,0
DA:21,7
DA:22,7
DA:23,8
DA:24,8
DA:25,8
DA:26,8
DA:27,8
DA:28,7
DA:30,1
DA:36,14
DA:37,6
DA:38,6
DA:41,1
DA:42,1
DA:43,1
DA:48,1
DA:49,4
DA:51,4
DA:52,4
DA:53,8
DA:54,8
DA:56,4
DA:57,8
DA:58,8
DA:60,4
DA:62,1
DA:63,17
DA:64,17
DA:65,17
DA:66,0
DA:68,17
DA:69,17
DA:70,17
DA:71,16
DA:72,16
DA:73,16
DA:74,1
DA:75,1
DA:78,1
DA:81,0
DA:84,0
DA:86,17
DA:88,1
DA:89,0
DA:91,1
DA:92,1
DA:94,1
DA:95,1
DA:96,2
DA:97,2
DA:100,1
DA:101,17
DA:104,1
DA:105,19
DA:112,1
DA:113,1
DA:115,0
DA:116,0
DA:118,0
DA:119,0
DA:121,1
DA:122,1
DA:126,1
LF:80
LH:70
BRDA:17,0,0,0
BRDA:17,0,1,7
BRDA:17,1,0,7
BRDA:17,1,1,7
BRDA:21,2,0,0
BRDA:21,2,1,7
BRDA:21,3,0,7
BRDA:21,3,1,7
BRDA:27,4,0,7
BRDA:27,4,1,1
BRDA:51,5,0,0
BRDA:51,5,1,4
BRDA:54,6,0,8
BRDA:54,6,1,8
BRDA:58,7,0,8
BRDA:58,7,1,4
BRDA:63,8,0,0
BRDA:63,8,1,17
BRDA:65,9,0,0
BRDA:65,9,1,17
BRDA:68,10,0,17
BRDA:68,10,1,0
BRDA:68,11,0,17
BRDA:68,11,1,17
BRDA:69,12,0,17
BRDA:69,12,1,0
BRDA:70,13,0,16
BRDA:70,13,1,1
BRDA:73,14,0,1
BRDA:73,14,1,15
BRDA:74,15,0,1
BRDA:74,15,1,1
BRDA:75,16,0,1
BRDA:75,16,1,1
BRDA:97,17,0,2
BRDA:97,17,1,2
BRDA:114,18,0,0
BRDA:114,18,1,0
BRDA:114,18,2,1
BRF:39
BRH:30
end_of_record
TN:
SF:E:\NodeLearnSpace\monorepo-learn\packages\layer\__tests__\test-custom-layer-lmp.ts
FN:3,(anonymous_0)
FN:7,(anonymous_2)
FN:13,(anonymous_3)
FN:16,(anonymous_4)
FN:18,(anonymous_5)
FN:20,(anonymous_6)
FN:23,(anonymous_7)
FNF:7
FNH:3
FNDA:3,(anonymous_0)
FNDA:2,(anonymous_2)
FNDA:2,(anonymous_3)
FNDA:0,(anonymous_4)
FNDA:0,(anonymous_5)
FNDA:0,(anonymous_6)
FNDA:0,(anonymous_7)
DA:3,1
DA:7,1
DA:8,2
DA:9,2
DA:10,2
DA:13,1
DA:14,2
DA:16,1
DA:18,1
DA:20,1
DA:23,1
DA:28,1
LF:12
LH:12
BRDA:8,0,0,2
BRDA:8,0,1,0
BRF:2
BRH:1
end_of_record
TN:
SF:E:\NodeLearnSpace\monorepo-learn\packages\layer\__tests__\test-layer-lmp.ts
FN:3,(anonymous_0)
FN:7,(anonymous_2)
FN:13,(anonymous_3)
FN:16,(anonymous_4)
FN:18,(anonymous_5)
FN:20,(anonymous_6)
FN:23,(anonymous_7)
FNF:7
FNH:7
FNDA:22,(anonymous_0)
FNDA:21,(anonymous_2)
FNDA:21,(anonymous_3)
FNDA:1,(anonymous_4)
FNDA:1,(anonymous_5)
FNDA:1,(anonymous_6)
FNDA:1,(anonymous_7)
DA:3,1
DA:7,1
DA:8,21
DA:9,21
DA:10,21
DA:13,1
DA:14,21
DA:16,1
DA:18,1
DA:20,1
DA:23,1
DA:28,1
LF:12
LH:12
BRDA:8,0,0,21
BRDA:8,0,1,0
BRF:2
BRH:1
end_of_record
TN:
SF:E:\NodeLearnSpace\monorepo-learn\packages\layer\__tests__\test-layer-type.ts
FN:1,(anonymous_0)
FN:6,(anonymous_1)
FNF:2
FNH:2
FNDA:1,(anonymous_0)
FNDA:1,(anonymous_1)
DA:1,1
DA:2,1
DA:3,1
DA:4,1
DA:6,1
DA:7,1
DA:8,1
DA:9,1
DA:10,1
LF:9
LH:9
BRDA:1,0,0,1
BRDA:1,0,1,1
BRDA:6,1,0,1
BRDA:6,1,1,1
BRF:4
BRH:4
end_of_record
TN:
SF:E:\NodeLearnSpace\monorepo-learn\packages\layer\__tests__\test-render-node.ts
FN:1,(anonymous_0)
FN:3,(anonymous_2)
FNF:2
FNH:2
FNDA:9,(anonymous_0)
FNDA:23,(anonymous_2)
DA:1,1
DA:2,8
DA:3,1
DA:5,23
DA:7,1
LF:5
LH:5
BRF:0
BRH:0
end_of_record
TN:
SF:E:\NodeLearnSpace\monorepo-learn\packages\layer\src\layer-mgr.ts
FN:3,(anonymous_0)
FN:9,(anonymous_2)
FN:10,(anonymous_3)
FN:38,(anonymous_4)
FN:42,(anonymous_5)
FN:47,(anonymous_6)
FN:51,(anonymous_7)
FN:54,(anonymous_8)
FN:69,(anonymous_9)
FN:78,(anonymous_10)
FN:84,(anonymous_11)
FN:90,(anonymous_12)
FN:97,(anonymous_13)
FNF:13
FNH:12
FNDA:8,(anonymous_0)
FNDA:0,(anonymous_2)
FNDA:7,(anonymous_3)
FNDA:1,(anonymous_4)
FNDA:4,(anonymous_5)
FNDA:3,(anonymous_6)
FNDA:3,(anonymous_7)
FNDA:23,(anonymous_8)
FNDA:1,(anonymous_9)
FNDA:1,(anonymous_10)
FNDA:1,(anonymous_11)
FNDA:1,(anonymous_12)
FNDA:19,(anonymous_13)
DA:3,1
DA:9,1
DA:10,1
DA:11,7
DA:12,7
DA:13,7
DA:14,7
DA:15,7
DA:21,7
DA:22,23
DA:23,23
DA:24,23
DA:25,23
DA:26,21
DA:28,23
DA:29,2
DA:31,21
DA:33,23
DA:34,23
DA:35,23
DA:38,1
DA:39,1
DA:40,1
DA:41,1
DA:42,1
DA:43,4
DA:47,1
DA:48,3
DA:51,1
DA:52,3
DA:54,1
DA:55,23
DA:56,7
DA:58,23
DA:59,23
DA:60,0
DA:61,0
DA:63,23
DA:64,23
DA:65,19
DA:67,23
DA:69,1
DA:70,1
DA:71,0
DA:73,1
DA:74,1
DA:75,1
DA:76,1
DA:78,1
DA:79,1
DA:80,1
DA:81,1
DA:84,1
DA:85,1
DA:86,1
DA:87,1
DA:90,1
DA:91,1
DA:92,1
DA:93,1
DA:97,1
DA:98,19
DA:99,19
DA:100,1
DA:102,19
DA:104,1
LF:66
LH:63
BRDA:11,0,0,6
BRDA:11,0,1,1
BRDA:25,1,0,21
BRDA:25,1,1,2
BRDA:28,2,0,2
BRDA:28,2,1,21
BRDA:28,3,0,23
BRDA:28,3,1,8
BRDA:39,4,0,0
BRDA:39,4,1,1
BRDA:41,5,0,1
BRDA:41,5,1,0
BRDA:55,6,0,7
BRDA:55,6,1,16
BRDA:59,7,0,0
BRDA:59,7,1,23
BRDA:64,8,0,19
BRDA:64,8,1,4
BRDA:70,9,0,0
BRDA:70,9,1,1
BRDA:70,10,0,1
BRDA:70,10,1,1
BRDA:74,11,0,1
BRDA:74,11,1,1
BRDA:80,12,0,1
BRDA:80,12,1,0
BRDA:86,13,0,1
BRDA:86,13,1,0
BRDA:92,14,0,1
BRDA:92,14,1,0
BRDA:99,15,0,1
BRDA:99,15,1,18
BRF:32
BRH:25
end_of_record
TN:
SF:E:\NodeLearnSpace\monorepo-learn\packages\obj-pool\src\index.ts
FNF:0
FNH:0
DA:1,2
DA:2,2
DA:3,2
LF:3
LH:3
BRF:0
BRH:0
end_of_record
TN:
SF:E:\NodeLearnSpace\monorepo-learn\packages\obj-pool\src\obj-pool-mgr.ts
FN:7,(anonymous_0)
FN:10,(anonymous_2)
FN:16,(anonymous_3)
FN:29,(anonymous_4)
FN:42,(anonymous_5)
FN:45,(anonymous_6)
FN:48,(anonymous_7)
FN:54,(anonymous_8)
FN:64,(anonymous_9)
FN:72,(anonymous_10)
FN:79,(anonymous_11)
FN:86,(anonymous_12)
FN:92,(anonymous_13)
FN:99,(anonymous_14)
FN:105,(anonymous_15)
FN:115,(anonymous_16)
FNF:16
FNH:15
FNDA:5,(anonymous_0)
FNDA:1,(anonymous_2)
FNDA:2,(anonymous_3)
FNDA:3,(anonymous_4)
FNDA:5,(anonymous_5)
FNDA:8,(anonymous_6)
FNDA:1,(anonymous_7)
FNDA:1,(anonymous_8)
FNDA:1,(anonymous_9)
FNDA:3,(anonymous_10)
FNDA:1,(anonymous_11)
FNDA:4,(anonymous_12)
FNDA:1,(anonymous_13)
FNDA:1,(anonymous_14)
FNDA:1,(anonymous_15)
FNDA:0,(anonymous_16)
DA:1,2
DA:2,2
DA:7,2
DA:9,3
DA:10,2
DA:11,1
DA:12,1
DA:13,1
DA:16,2
DA:17,2
DA:18,0
DA:19,0
DA:21,2
DA:22,2
DA:23,2
DA:24,2
DA:26,0
DA:29,2
DA:30,3
DA:31,0
DA:32,0
DA:34,3
DA:35,3
DA:36,3
DA:37,3
DA:39,0
DA:42,2
DA:43,5
DA:45,2
DA:46,8
DA:48,2
DA:49,1
DA:50,1
DA:51,1
DA:54,2
DA:55,1
DA:56,1
DA:57,1
DA:58,1
DA:59,1
DA:61,0
DA:64,2
DA:65,1
DA:66,1
DA:67,1
DA:69,0
DA:72,2
DA:76,3
DA:77,3
DA:79,2
DA:83,1
DA:84,1
DA:86,2
DA:87,4
DA:89,4
DA:92,2
DA:93,1
DA:94,1
DA:96,1
DA:99,2
DA:100,1
DA:101,1
DA:102,1
DA:105,2
DA:106,1
DA:107,1
DA:109,1
DA:115,2
DA:116,0
DA:117,0
DA:119,0
DA:120,0
DA:122,0
DA:124,0
DA:126,0
DA:127,0
DA:131,2
LF:77
LH:61
BRDA:12,0,0,1
BRDA:12,0,1,0
BRDA:17,1,0,0
BRDA:17,1,1,2
BRDA:21,2,0,2
BRDA:21,2,1,0
BRDA:21,3,0,2
BRDA:21,3,1,2
BRDA:30,4,0,0
BRDA:30,4,1,3
BRDA:34,5,0,3
BRDA:34,5,1,0
BRDA:34,6,0,3
BRDA:34,6,1,3
BRDA:50,7,0,1
BRDA:50,7,1,0
BRDA:57,8,0,1
BRDA:57,8,1,0
BRDA:66,9,0,1
BRDA:66,9,1,0
BRDA:77,10,0,3
BRDA:77,10,1,0
BRDA:84,11,0,1
BRDA:84,11,1,0
BRDA:89,12,0,4
BRDA:89,12,1,0
BRDA:94,13,0,1
BRDA:94,13,1,0
BRDA:101,14,0,1
BRDA:101,14,1,0
BRDA:107,15,0,1
BRDA:107,15,1,0
BRDA:115,16,0,0
BRDA:115,16,1,0
BRDA:118,17,0,0
BRDA:118,17,1,0
BRDA:118,17,2,0
BRDA:118,17,3,0
BRF:38
BRH:18
end_of_record
TN:
SF:E:\NodeLearnSpace\monorepo-learn\packages\obj-pool\src\obj-pool.ts
FN:1,(anonymous_0)
FN:5,(anonymous_2)
FN:9,(anonymous_3)
FN:14,(anonymous_4)
FN:18,(anonymous_5)
FN:21,(anonymous_6)
FN:33,(anonymous_7)
FN:39,(anonymous_8)
FN:47,(anonymous_9)
FN:51,(anonymous_10)
FN:71,(anonymous_11)
FN:84,(anonymous_12)
FN:101,(anonymous_13)
FN:120,(anonymous_14)
FN:121,(anonymous_15)
FN:126,(anonymous_16)
FN:150,(anonymous_17)
FN:161,(anonymous_18)
FN:164,(anonymous_19)
FNF:19
FNH:15
FNDA:11,(anonymous_0)
FNDA:34,(anonymous_2)
FNDA:0,(anonymous_3)
FNDA:0,(anonymous_4)
FNDA:6,(anonymous_5)
FNDA:5,(anonymous_6)
FNDA:4,(anonymous_7)
FNDA:15,(anonymous_8)
FNDA:2,(anonymous_9)
FNDA:5,(anonymous_10)
FNDA:4,(anonymous_11)
FNDA:20,(anonymous_12)
FNDA:13,(anonymous_13)
FNDA:3,(anonymous_14)
FNDA:10,(anonymous_15)
FNDA:17,(anonymous_16)
FNDA:3,(anonymous_17)
FNDA:0,(anonymous_18)
FNDA:0,(anonymous_19)
DA:1,2
DA:5,2
DA:6,34
DA:9,2
DA:10,0
DA:14,2
DA:15,0
DA:16,0
DA:18,2
DA:19,6
DA:21,2
DA:22,5
DA:23,5
DA:24,5
DA:25,5
DA:26,5
DA:28,0
DA:30,5
DA:33,2
DA:35,4
DA:36,4
DA:37,4
DA:38,4
DA:39,4
DA:40,15
DA:43,0
DA:45,4
DA:47,2
DA:48,2
DA:51,2
DA:52,5
DA:53,0
DA:54,0
DA:56,5
DA:58,5
DA:59,5
DA:60,25
DA:61,25
DA:62,15
DA:63,10
DA:64,5
DA:66,25
DA:67,25
DA:68,25
DA:71,2
DA:72,4
DA:73,4
DA:74,4
DA:75,4
DA:76,17
DA:77,17
DA:79,4
DA:84,2
DA:85,20
DA:86,3
DA:87,3
DA:88,2
DA:89,1
DA:90,1
DA:92,3
DA:94,20
DA:95,20
DA:96,15
DA:97,5
DA:98,5
DA:101,2
DA:102,13
DA:103,0
DA:104,0
DA:106,13
DA:107,13
DA:109,13
DA:110,9
DA:111,4
DA:112,4
DA:114,13
DA:115,13
DA:117,0
DA:120,3
DA:121,3
DA:122,10
DA:124,3
DA:126,2
DA:127,17
DA:128,0
DA:129,0
DA:133,17
DA:134,11
DA:136,6
DA:137,6
DA:138,6
DA:140,17
DA:141,17
DA:142,17
DA:143,17
DA:144,11
DA:145,6
DA:146,6
DA:148,17
DA:150,3
DA:151,3
DA:152,3
DA:153,3
DA:154,12
DA:157,0
DA:159,3
DA:161,2
DA:162,0
DA:164,2
DA:165,0
DA:167,2
LF:111
LH:96
BRDA:16,0,0,0
BRDA:16,0,1,0
BRDA:19,1,0,6
BRDA:19,1,1,0
BRDA:22,2,0,5
BRDA:22,2,1,0
BRDA:35,3,0,4
BRDA:35,3,1,0
BRDA:52,4,0,0
BRDA:52,4,1,5
BRDA:61,5,0,15
BRDA:61,5,1,10
BRDA:61,6,0,25
BRDA:61,6,1,25
BRDA:63,7,0,5
BRDA:63,7,1,5
BRDA:63,8,0,10
BRDA:63,8,1,5
BRDA:73,9,0,4
BRDA:73,9,1,0
BRDA:85,10,0,3
BRDA:85,10,1,17
BRDA:87,11,0,2
BRDA:87,11,1,1
BRDA:89,12,0,1
BRDA:89,12,1,0
BRDA:89,13,0,1
BRDA:89,13,1,1
BRDA:95,14,0,15
BRDA:95,14,1,5
BRDA:95,15,0,20
BRDA:95,15,1,20
BRDA:97,16,0,5
BRDA:97,16,1,0
BRDA:97,17,0,5
BRDA:97,17,1,5
BRDA:102,18,0,0
BRDA:102,18,1,13
BRDA:106,19,0,13
BRDA:106,19,1,0
BRDA:109,20,0,9
BRDA:109,20,1,4
BRDA:111,21,0,4
BRDA:111,21,1,0
BRDA:111,22,0,4
BRDA:111,22,1,4
BRDA:127,23,0,0
BRDA:127,23,1,17
BRDA:133,24,0,11
BRDA:133,24,1,6
BRDA:137,25,0,6
BRDA:137,25,1,5
BRDA:143,26,0,11
BRDA:143,26,1,6
BRDA:145,27,0,6
BRDA:145,27,1,0
BRDA:145,28,0,6
BRDA:145,28,1,6
BRDA:150,29,0,0
BRDA:150,29,1,3
BRDA:152,30,0,3
BRDA:152,30,1,0
BRDA:152,31,0,3
BRDA:152,31,1,3
BRF:64
BRH:48
end_of_record
